After clean(removal of rows with high missing values + redundancy removal) X.shape:  (402, 10792)
Fold 1, k_feat 8
X_train.shape:  (268, 8)
y_pred:  [-0.74878204 -0.43443    -0.74878204 -0.74878204 -0.74878204 -0.43443
 -0.43443    -0.43443    -0.74878204 -0.74878204 -0.43443    -0.9484029
 -0.6340507   0.08323038 -0.8271972  -0.62757635 -0.62757635 -0.62757635
 -0.43443    -0.28132987 -0.31322432 -0.31322432 -0.62757635 -0.62757635
 -0.51284504  0.5025381  -0.51284504 -0.43443    -0.8271972  -0.38357484
 -0.43443    -0.43443    -0.51284504 -0.31322432 -0.8271972  -0.31322432
 -0.5905988  -0.10831761 -0.35791373  0.1618818   0.5025381   0.5525137
 -0.2794987   0.3975824   0.08323038  0.5525137   0.5525137   0.3975824
 -0.2794987  -0.10831761  0.03325498  0.5525137  -0.2794987   0.08323038
 -0.10831761  0.10831773  0.34760702 -0.10831761 -0.62757635  0.30291736
 -0.3844545  -0.10831761 -0.10831761 -0.62757635 -0.10831761  0.03325498
  0.5525137  -0.69880664  0.5525137   0.5525137   0.5025381   0.5025381
 -0.2632488   0.34760702  0.08323038 -0.2794987  -0.43443    -0.43443
  0.5525137  -0.2996955   0.5525137  -0.10831761  0.08323038 -0.14476418
 -0.2794987  -0.2794987  -0.43443    -0.2996955  -0.3844545  -0.3844545
  0.34760702 -0.57760096 -0.57760096 -0.10831761  0.5525137   0.3975824
  0.1479863  -0.51284504 -0.10831761 -0.10831761  0.08323038  0.3975824
  0.5525137   0.3975824  -0.10831761 -0.10831761 -0.16636574  0.5525137
 -0.3844545   0.1479863   0.30291736 -0.35791373  0.5525137   0.5525137
 -0.35791373 -0.10831761 -0.10831761 -0.10831761  0.5525137  -0.43443
  0.3975824  -0.43443     0.3975824   0.5525137   0.21934092 -0.43443
  0.3975824  -0.17779016  0.00793493  0.05834234  0.26324904 -0.17779016
  0.00793493  0.05791032]
Pearson r: 0.383
MSE: 0.913
Fold 2, k_feat 8
X_train.shape:  (268, 8)
y_pred:  [-1.0086524  -0.80168366 -0.80168366 -1.0086524  -0.9477135  -0.49438453
 -0.80168366 -0.80168366 -0.80168366 -0.80168366 -0.28741574 -0.28741574
 -0.28741574 -0.49438453 -1.0086524  -0.49438453 -0.9477135  -0.1413858
 -0.28741574 -0.28741574 -1.1546823  -1.0086524   0.00910544 -0.28741574
 -0.1413858  -0.1413858   0.3729279   0.3729279   0.02066636  0.06484556
  0.29443264  0.64669394 -0.80168366 -0.34608853 -0.07458854  0.48464155
  0.48464155 -0.49438453  0.64669394  0.13238025  0.64669394  0.29443264
  0.29443264  0.02066636 -0.34286642  0.48464155  0.64669394  0.64669394
  0.64669394  0.29443264  0.13238025  0.48464155  0.13238025  0.13238025
  0.21087551 -0.07458854  0.56566477  0.21087551 -0.28741574  0.48464155
  0.48464155  0.06484556  0.06484556  0.06484556  0.48464155  0.64669394
  0.56566477  0.48464155  0.48464155  0.48464155  0.06484556  0.48464155
  0.48464155  0.29443264  0.06484556  0.48464155  0.06484556 -0.49438453
  0.64669394 -0.49438453 -0.49438453  0.06484556 -0.5279174   0.22689795
 -0.4494226  -0.5954524   0.64669394  0.3729279  -0.5279174   0.29443264
  0.64669394 -0.45242667 -0.07458854  0.21087551  0.64669394 -0.07458854
  0.64669394  0.3729279   0.21087551  0.5656707   0.64669394  0.48464155
  0.06484556  0.64669394 -0.07458854  0.48464155  0.48464155 -0.07458854
  0.21087551  0.64669394 -0.4494226  -0.17565632  0.64669394  0.3729279
  0.64669394 -0.80168366 -0.16722083  0.29443264  0.34726548 -0.434929
  0.29443264  0.29443264  0.64669394 -0.49438453  0.64669394  0.48464155
  0.06484556  0.06484556  0.48464155  0.64669394  0.64669394  0.48464155
  0.64669394  0.48464155]
Pearson r: 0.418
MSE: 0.660
Fold 3, k_feat 8
X_train.shape:  (268, 8)
y_pred:  [-0.549502   -0.549502   -0.6666639  -0.549502   -0.4373486  -1.2810737
 -0.8875692  -0.55451035 -0.55451035 -0.6666639  -0.830853   -0.830853
 -0.4373486  -0.9997227  -0.55451035 -0.8875692  -0.8875692  -0.71869946
 -0.6666639  -0.55451035 -0.24672961 -0.4373486  -1.004731   -0.3638916
 -0.7233801  -0.2731595  -0.8875692  -0.2731595  -0.549502    0.71067667
  0.7426436   0.7426436   0.7426436   0.14987564 -0.3638916   0.7426436
 -0.37380219  0.5520246   0.27257466  0.46319366  0.27257466 -0.16272712
 -1.1168846  -0.10471177 -0.07389593  0.43122673 -0.20961285  0.43122673
 -0.19469404  0.5520246   0.11672306  0.26703763  0.5200577   0.43122673
  0.7426436   0.7426436   0.29900455 -0.41196322 -0.37991405 -0.44393015
  0.71067667  0.71067667 -0.5560837   0.11672306  0.5200577   0.71067667
  0.19690943  0.26703763  0.00629044  0.00629044  0.4573543   0.7426436
  0.22887659  0.7426436   0.26703763 -0.6666639  -0.07389593 -0.35888314
 -0.35888314 -0.07389593  0.10180402  0.11672306 -0.35888314  0.7426436
  0.71067667  0.71067667  0.71067667  0.27257466 -0.24119258 -0.24119258
  0.5520246  -0.24119258 -0.24119258 -0.6666639   0.0382576   0.00629044
  0.71067667  0.71067667  0.71067667  0.06983709  0.22887659  0.19690943
  0.71067667  0.5200577  -0.35888314  0.5200577   0.5200577  -0.07389593
  0.11672306  0.46319366 -0.3533461   0.7426436  -0.24119258  0.7426436
 -0.05057359 -0.24119258 -0.55451035 -0.24119258  0.7426436  -0.24119258
  0.46319366  0.27257466  0.10180402  0.71067667  0.71067667  0.71067667
 -0.35888314 -0.37380219  0.71067667  0.71067667 -0.35888314  0.71067667
 -0.35888314  0.71067667]
Pearson r: 0.417
MSE: 0.993
Average pearson_r accross all folds = 0.40600485539474723
Average mse accross all folds = 0.8554040789604187
Fold 1, k_feat 16
X_train.shape:  (268, 16)
y_pred:  [-1.0031767  -0.87902904 -1.0031767  -1.0288928  -0.5786207  -0.9609928
 -0.8906057  -0.8906057  -1.0378304  -1.0404694  -0.8906057  -1.168214
 -1.0183504  -0.40036702 -1.1109908  -0.98060703 -1.3090602  -0.9102199
 -0.8906057  -0.8760066  -0.8050275  -0.8050275  -0.9548912  -0.9475126
 -0.72386026 -0.35810018 -1.0496743  -0.5621526  -0.7032132  -0.74735236
 -0.92508197 -0.75479436 -0.6865678  -0.4600811  -1.1648844  -0.8935745
 -0.92361426 -0.50074244  0.00542998  0.20013785  0.46903467  0.38133812
 -0.55043864  0.4133904   0.20403361 -0.41066623  0.38133812 -0.2505033
 -0.07012296 -0.12908125  0.31867862  0.53506327  0.25115776  0.09074092
  0.17522883  0.36215806 -0.909914    0.20060945 -0.06219578  0.51245093
  0.19567156  0.35974908  0.3474605   0.05927491 -0.547163    0.23458886
  0.56077933 -0.6266742   0.4531393   0.4531393  -0.2157216   0.26720834
 -0.60661674 -0.12670946  0.20870972 -0.40677166  0.15659165  0.15659165
  0.4324348  -0.46091652 -0.09562016  0.3851297   0.25885057 -1.3475932
 -0.68366456 -1.3208898  -0.44296408 -0.46091652  0.25404525  0.23334074
  0.6200695  -0.04849625 -0.24527144  0.17522883  0.7537155   0.3585732
  0.3001542  -0.3690076   0.35974908  0.35974908  0.20403361  0.4169469
  0.733011    0.487334   -0.22387838  0.20060945 -0.02034879  0.60686445
  0.21637607  0.2660222   0.59620523  0.00542998  0.56077933  0.4239366
  0.00542998  0.11651969  0.20060945  0.15418887  0.4324348   0.15659165
  0.3792777  -0.72639227  0.4340949   0.487252    0.5863478  -0.72639227
  0.1335187   0.33613038  0.15910745 -0.1390791   0.01583099  0.33613038
  0.15910745  0.55200267]
Pearson r: 0.546
MSE: 0.744
Fold 2, k_feat 16
X_train.shape:  (268, 16)
y_pred:  [-1.0122955  -0.8074895  -0.8074895  -1.0122955  -0.9509443  -0.49279308
 -0.8074895  -0.8074895  -0.8074895  -0.8074895  -0.28798735 -0.28798735
 -0.28798735 -0.49279308 -1.0122955  -0.49279308 -0.9509443  -0.14453268
 -0.28798735 -0.28798735 -1.1557503  -1.0122955   0.04498291 -0.28798735
 -0.14453268 -0.14453268  0.38602662  0.38602662  0.0374465   0.06059265
  0.30638504  0.65496516 -0.8074895  -0.44165325 -0.08039975  0.47298598
  0.47298598 -0.49279308  0.65496516  0.12440586  0.65496516  0.30638504
  0.30638504  0.0374465  -0.4933908   0.47298598  0.65496516  0.65496516
  0.65496516  0.30638504  0.12440586  0.47298598  0.12440586  0.12440586
  0.20404744 -0.08039975  0.5819533   0.20404744 -0.28798735  0.47298598
  0.47298598  0.06059265  0.06059265  0.06059265  0.47298598  0.65496516
  0.5819533   0.47298598  0.47298598  0.47298598  0.06059265  0.47298598
  0.47298598  0.30638504  0.06059265  0.47298598  0.06059265 -0.49279308
  0.65496516 -0.49279308 -0.49279308  0.06059265 -0.538551    0.24257183
 -0.45890975 -0.60236454  0.65496516  0.38602662 -0.538551    0.30638504
  0.65496516 -0.63938916 -0.08039975  0.20404744  0.65496516 -0.08039975
  0.65496516  0.38602662  0.20404744  0.54599786  0.65496516  0.47298598
  0.06059265  0.65496516 -0.08039975  0.47298598  0.47298598 -0.08039975
  0.20404744  0.65496516 -0.45890975 -0.18997121  0.65496516  0.38602662
  0.65496516 -0.8074895  -0.16137385  0.30638504  0.37330484 -0.32838976
  0.30638504  0.30638504  0.65496516 -0.49279308  0.65496516  0.47298598
  0.06059265  0.06059265  0.47298598  0.65496516  0.65496516  0.47298598
  0.65496516  0.47298598]
Pearson r: 0.411
MSE: 0.668
Fold 3, k_feat 16
X_train.shape:  (268, 16)
y_pred:  [-0.73612356 -0.73612356 -0.78479004 -0.8550546  -0.70100737 -1.2251284
 -1.0285889  -0.689204   -0.63074255 -0.7263286  -0.89553857 -0.89553857
 -0.64053774 -1.1846445  -0.80813503 -0.97012746 -0.97012746 -0.7414913
 -0.7263286  -0.689204   -0.41738677 -0.64053774 -1.0772552  -0.40360975
 -0.97830975 -0.5902586  -1.14752    -0.64872    -0.3898661   0.33373976
  0.41488147  0.293391    0.5332267  -0.07263136 -0.2846787   0.35185242
 -0.5182445   0.3685372   0.28646445  0.69098973  0.28646445  0.1435206
 -0.82658386  0.2047956  -0.01404881  0.6728771  -0.46595716  0.6728771
  0.12540793  0.47495914 -0.25407815  0.5621283   0.696682    0.6728771
  0.8794842   0.8794842   0.58024096 -0.3649757  -0.05105567 -0.38308835
  0.8613715   0.8613715  -0.47867417  0.33201528  0.23149347  0.15634727
 -0.05569983 -0.08443475 -0.40176415 -0.2203896   0.48511553  0.63964844
  0.42760134  0.63964844  0.32229233 -0.4385326  -0.07251024 -0.6903653
  0.01465917  0.16732574  0.3267436   0.33201528  0.01465917  0.69810987
  0.6799972   0.8613715   0.8613715   0.18004298  0.07441711  0.07441711
  0.3685372   0.07441711 -0.1069572  -0.19869661  0.26291156 -0.40176415
  0.8613715   0.8613715   0.8613715   0.30863094  0.42760134  0.40948868
  0.15634727  0.45684648  0.01465917  0.45684648  0.696682   -0.17893171
  0.15064096  0.5096154  -0.5488007   0.8794842  -0.1069572   0.69810987
  0.05773211 -0.04465246 -0.10311079 -0.04465246  0.69810987 -0.1069572
  0.5096154  -0.00133157 -0.2008884   0.6799972   0.8613715   0.6799972
  0.01465917 -0.17198706  0.2148087   0.396183   -0.45052934  0.2148087
 -0.45052934  0.2148087 ]
Pearson r: 0.454
MSE: 0.953
Average pearson_r accross all folds = 0.47034146308075275
Average mse accross all folds = 0.7879335284233093
Fold 1, k_feat 32
X_train.shape:  (268, 32)
y_pred:  [-0.7899196  -0.47534704 -0.7899196  -1.2496563  -0.37602377 -1.0472913
 -1.0247941  -1.0247941  -0.5012393  -1.2432241  -1.0177854  -0.8171661
 -1.2113179  -0.28433204 -0.8120892  -1.0206227  -1.1669554  -0.7615361
 -1.0247941  -1.0484967  -0.8992393  -0.8992393  -1.0295479  -0.7705891
 -0.7163966  -0.46969867 -0.9943259  -0.54426193 -0.90268135 -1.0379468
 -0.95687425 -1.0269234  -0.8896917  -0.03573275 -1.5005324  -0.9498812
 -0.66795564 -0.452574    0.00312853  0.16768098  0.7558999   0.17085648
 -0.7074976   0.36099386  0.1596489  -0.61389256  0.1793263  -0.44512177
 -0.161726    0.0613575   0.603801    0.9023886   0.54118824  0.08538604
  0.42509723  0.3805468  -0.9384248   0.41434312  0.20230317  0.44380832
  0.137635    0.48969507  0.5523596   0.34337234 -0.6126909   0.37380195
  0.5939405  -0.746698    0.24975109  0.2482903  -0.40685105  0.18862009
 -0.5945947  -0.294111    0.23060441 -0.49598074  0.07561898  0.07561898
  0.39608288 -0.6184633   0.07483912  0.4943955   0.06673312 -1.4806046
 -0.59953594 -1.2629521  -0.57603717 -0.6170025   0.13984299  0.1203413
  0.5130234   0.20151114 -0.15257907  0.4236362   0.70017266  0.35798836
  0.30647302 -0.24763083  0.48823404  0.28822637  0.2816906   0.33767033
  0.61459446  0.4822092  -0.2802329   0.30561352 -0.13711071  0.8374567
  0.24788141  0.47207165  0.63401365  0.26517296  0.6876097   0.6612313
  0.266634    0.21612096  0.16775298  0.0373776   0.39754367  0.07561898
  0.3343799  -0.7933732   0.45942688  0.37996483  0.7048323  -0.7933732
 -0.07120371  0.5764842   0.02953982 -0.07468224  0.06132603  0.5764842
  0.02953982  0.12699604]
Pearson r: 0.531
MSE: 0.766
Fold 2, k_feat 32
X_train.shape:  (268, 32)
y_pred:  [-0.8310065  -0.5940392  -0.5741544  -0.7031958  -0.85117865 -1.0166913
 -1.071434   -1.1147274  -1.1147274  -1.1147274  -0.930943   -0.930943
 -0.930943   -0.52318645 -1.3162175  -0.2862885  -0.7571547  -0.54081154
 -0.5188067  -0.5188067  -0.88040924 -0.80822396 -0.13753653 -0.3477025
 -0.24872112 -0.06094337  0.10531497  0.09013081 -0.0058341   0.01703668
  0.43009877  0.6497278  -0.416188    0.00808001  0.09459257  0.36019063
  0.7018719  -0.09473586  0.6269882   0.41655374  0.68615055  0.46652126
  0.6803386  -0.01097584 -0.14173889  0.66701555  0.69244075  0.68615055
  0.5549197   0.38837194  0.14548469  0.44326305  0.14548469  0.14548469
  0.318393    0.17546582  0.63237643  0.49612856  0.11467671  0.6361828
  0.6361828   0.3196237   0.28879094  0.28879094  0.36442876  0.4392104
  0.72515607  0.25171065  0.25171065  0.6361828   0.28879094  0.25171065
  0.55311036  0.35194945 -0.13053751  0.25171065  0.28879094 -0.47543335
  0.6256037  -0.5920155  -0.479208   -0.12676287 -0.42862153  0.15098095
 -0.34519148  0.01904607  0.64617157  0.564847    0.19490027  0.06024146
  0.8117137  -0.1970911   0.29023576  0.3247614   0.8442142   0.02722073
  0.678246    0.5727818   0.13529181  0.613729    0.64934516  0.65136695
 -0.09568143  0.43543577  0.36838531  0.5305047   0.48809266  0.11961937
  0.12350202  0.7581296  -0.26460695  0.29358864  0.83627915  0.47206736
  0.59331894 -0.40706587  0.33492208  0.48491716  0.39968777  0.35907912
  0.19681954  0.38837194  0.8790703  -0.2862885   0.6295426   0.37961292
  0.051893    0.28879094  0.6013267   0.56080365  0.56080365  0.31791615
  0.56080365  0.15719652]
Pearson r: 0.579
MSE: 0.510
Fold 3, k_feat 32
X_train.shape:  (268, 32)
y_pred:  [-1.2177761  -0.9339888  -1.2909644  -1.1296294  -0.80301213 -1.3996766
 -1.2052712  -1.0987749  -0.9195638  -0.5915625  -0.7099998  -0.612617
 -0.57751346 -1.181318   -1.3138618  -1.0931163  -1.0931163  -0.7045357
 -0.8983576  -0.5646484  -0.6442952  -0.61944175 -0.88464046 -0.3200829
 -1.3590016  -0.3726554  -1.1013982  -0.76152563 -0.23845077  0.2366271
  0.7996783   0.7333665   0.8460407   0.3599987   0.3237009   0.7483797
 -0.21748257  0.6934829   0.5597553   0.769907    0.6431303   0.19396067
 -0.69172835  0.2285142   0.4533577   0.7088337  -1.05931     0.49173594
 -0.21324325  0.4737916  -0.10022116  0.37885427  1.0229168   0.0026865
  0.5000906   0.5000906   0.7870765  -0.31198335  0.26683998 -0.05873537
  0.7726803   1.1185427  -0.14454818  0.6965656   0.39515543 -0.35134268
  0.15485     0.70282984 -0.0954113  -0.07633972  0.32554913  0.49446344
  0.792768    0.7458253   0.21277809 -0.5778699  -0.7327852  -1.1174324
  0.19405985  0.47628975  0.42555857  0.6965656   0.00838614  0.63758755
  0.84370184  0.28038216  0.272789    0.45009136  0.07429552  0.08644128
  0.15067291  0.08542299 -0.04605651 -0.25942707 -0.196738    0.2780366
  0.8060627   0.272789    0.70962477  0.1114006   0.03112936  0.12381649
  0.09200263  0.04811811  0.42367268  0.57012224  0.23436642  0.23376751
  0.4803996   0.7195525  -0.25733352  1.0035977   0.45281744  0.81128263
  0.3838892   0.17380285  0.23122406  0.3070917   0.7077522   0.34928703
  0.6521063   0.21406364  0.5559826   0.73661995  0.5027437   0.9637871
  0.41488123  0.16416836  0.05579853  0.7196889  -0.16950297  0.5455184
 -0.25418925  0.64195585]
Pearson r: 0.608
MSE: 0.753
Average pearson_r accross all folds = 0.5726558806444544
Average mse accross all folds = 0.6761388182640076
Fold 1, k_feat 64
X_train.shape:  (268, 64)
y_pred:  [-1.0406538  -0.01522028 -1.0406538  -0.8686911  -0.816442   -0.685107
 -0.67421496 -1.3105848  -0.7441462  -0.7503537  -1.3811046  -1.0152581
 -1.8440374   0.63833845 -1.0768914  -1.489625   -1.4579878  -1.0874035
 -0.8036338  -0.7351924  -1.2296835  -1.3448067  -1.2132306  -0.4180299
 -0.43227386 -0.9032085  -0.82489914 -0.41414416 -1.3247898  -1.2499084
 -1.5186795  -1.2209961  -0.68407845  0.17759132 -1.0463547  -1.2447817
 -0.22271836 -0.16283083  0.24151313  0.6390511   1.0043164   0.4697541
 -0.21407986  0.36550653  0.21011913  0.08366764  0.5766951   0.23750556
  0.41725647  0.3546151   0.18838513  0.57273114  0.68362534 -0.45172954
  0.5041863   0.09504998 -1.1402417   0.40437925 -0.14415634  0.06948876
  0.3334602   0.26175606  0.7046453   0.08252788 -0.22272289  0.5023202
  0.6041428  -0.7312701   0.48320305  0.48665726 -0.29166067  0.30829608
 -0.58275414 -0.46466732  0.15605855 -0.50819826 -0.07405114 -0.06786978
  0.06595659 -0.7379793  -0.09692478  0.30695355  0.325482   -1.417322
 -0.5888281  -1.275325   -0.5785024  -0.6435591   0.15312958  0.42322075
  0.5978781  -0.14757097 -0.7387129   0.488757    0.45054114  0.41646802
 -0.02300692 -0.07678044  0.5139152   0.04925132  0.48325813  0.5540062
  0.50939405  0.6267232  -0.5763531  -0.3498665  -0.370013    0.6360873
  0.23248112  0.6411756   0.75094235  0.28040707  0.03042686  0.74583805
  0.29159772 -0.16413593  0.00246012  0.00550127  0.52988446 -0.10559607
  0.5472647  -0.7150694   0.26675665  0.46244466  0.93122494 -0.7246705
  0.08144081  0.84814775 -0.02085245 -0.00222909  0.11190009  0.84814775
 -0.02085245  0.22493064]
Pearson r: 0.560
MSE: 0.738
Fold 2, k_feat 64
X_train.shape:  (268, 64)
y_pred:  [-0.7629298  -0.5435083  -0.40939426 -0.47908282 -0.6658987  -1.6023445
 -0.9441432  -1.102936   -1.209402   -1.119923   -1.2141443  -1.2141443
 -1.0652436  -0.86983716 -1.6552689  -0.6958287  -0.7769599  -0.35510874
 -0.29367757 -0.92923045 -0.66808593 -0.6929591  -0.75419056 -0.27371383
 -0.14233184  0.26479006  0.20960498  0.32655096  0.43797445 -0.0282352
  0.39255047  0.7638731  -0.2947569   0.08241606  0.04864931  0.3074906
  0.44135284 -0.36849117  0.7241311   0.58722687  0.40122604  0.6776669
  0.25001717  0.14373827  0.0899806   0.5773723   0.5604024   0.79982424
  0.36016273  0.539567    0.09625602  0.18679738  0.18476605  0.24260926
  0.4860456   0.37423873  0.6888163   0.7182584   0.03592753  0.4935279
  0.3428936   0.13881874  0.0053196   0.3637476   0.2624383   0.36606216
  0.5383477   0.33799458  0.33799458  0.72226405  0.01153421  0.33479834
  0.76150966  0.31491184 -0.21200418  0.37610412  0.4758396  -0.39873886
  0.67432165 -0.4315374  -0.6213862  -0.01629567  0.02585578  0.3455999
 -0.20889664 -0.0517211   0.25549173  0.50654435  0.21304154 -0.16890192
  0.76744556  0.01703191  0.47393537  0.56237674  0.96504784  0.2643416
  0.22867489  0.51207256  0.28336143  0.7977724   0.680856    0.457891
 -0.10989809  0.55669045  0.48870993  0.7082913   0.38991833 -0.10995483
  0.19942212  0.7015679  -0.39171958 -0.3486216   0.8355105   0.4356177
  0.507452    0.02422118  0.4495306   0.5519538   0.5014782   0.12142229
  0.54337263  0.19344497  0.8981638  -0.6958287   0.2907455   0.41040015
  0.21499729 -0.39583158  0.5732019   0.66438746  0.66438746 -0.14678073
  0.3421259   0.0838232 ]
Pearson r: 0.573
MSE: 0.522
Fold 3, k_feat 64
X_train.shape:  (268, 64)
y_pred:  [-1.564295   -0.57799125 -1.3864801  -0.77853227 -0.6983025  -1.7418334
 -1.2059343  -1.3115115  -1.1795025  -0.86683536 -0.4033532  -0.26786923
 -0.62259364 -1.0834866  -1.3388543  -1.1151128  -1.2166841  -0.75130534
 -0.70504475 -0.9310808  -0.6974385  -0.68215036 -0.6788125  -0.23607612
 -1.5704606  -0.3473866  -0.6511221  -0.63293576  0.21659088  0.34978628
  0.74230385  1.0456877   0.738132    0.50455475  0.24820423  0.73714304
 -0.15618873  0.57516813  0.412395    0.8799138   0.5325875   0.19304323
 -0.5755491   0.25271797  0.37077665  0.7737899  -0.81027555  0.5171442
 -0.2427795   0.7932973  -0.10181808  0.07974577  1.239953    0.28893137
  0.32575178  0.32575178  1.0305495   0.0275836  -0.16488862 -0.05757523
  0.7787442   1.0829401  -0.01550055  0.8105006   0.34501982  0.07269955
  0.12393522  0.78440714 -0.13128757 -0.12289596  0.35852575  0.63305473
  0.97323036  0.7720666  -0.25945377 -0.59977794 -0.7836354  -1.0231445
  0.09827614  0.51997185  0.42302656  0.7838826   0.01509476  0.29326916
  0.49344158  0.2555442   0.22808361  0.5011821  -0.20410919 -0.1637888
  0.2253809   0.06049681 -0.01080704 -0.19008231 -0.1159389   0.2779603
  0.7732234   0.22808361  0.72553015  0.1288786   0.13649225  0.18509865
  0.10416842 -0.02342653  0.69867563  0.5237918   0.3116064   0.2387538
  0.4922185   0.8942623  -0.18917179  1.1402092   0.45119905  0.84598637
  0.4206233   0.22952557  0.2670741   0.34405947  0.4940095   0.37005615
  0.6514158   0.29601717  0.4342065   0.788496    0.6420212   0.97617054
  0.18145418  0.41221046 -0.04511023  0.71521854 -0.42839432  0.609355
 -0.5268867   0.7209344 ]
Pearson r: 0.628
MSE: 0.723
Average pearson_r accross all folds = 0.5870318472834053
Average mse accross all folds = 0.6608838438987732
Fold 1, k_feat 128
X_train.shape:  (268, 128)
y_pred:  [-0.93077147 -0.28467512 -0.93077147 -1.1632192  -0.87719655 -0.95102036
 -0.89556026 -1.6211021  -1.5100532  -0.78801084 -1.5062382  -1.3094466
 -1.7058278   0.78325987 -1.1437205  -1.666387   -1.7325622  -1.3303971
 -1.0412196  -0.6251426  -1.7847685  -1.674149   -1.5030572  -0.43083096
 -0.38450146 -0.89105105 -0.5023731  -0.19004261 -1.5428822  -1.4920461
 -1.6137384  -1.3152642  -0.64034355  0.1756413  -1.1663251  -1.3988482
  0.11936235 -0.10803211  0.22383332  0.9191048   1.2011666   0.6329441
 -0.13081813  0.10853767  0.2322433   0.08020592  0.6979039   0.48713636
  0.3347814   0.11760831  0.44581914  0.46096587  0.6399503  -0.61643934
  0.44743276  0.06082797 -0.9074403   0.32667685 -0.14084888  0.12304902
  0.4666221   0.4395194   0.34805632  0.58589864 -0.17721093  0.11913419
  0.65478086 -0.14584279  0.56485534  0.5569453  -0.261109    0.33879375
 -0.41731226 -0.22446597  0.34689498 -0.63646567 -0.07310641 -0.45097983
  0.3569448  -0.32472682 -0.35926688  0.21250176  0.17198205 -1.6087425
 -0.38393092 -1.193354   -0.69870365 -0.44104612  0.15042996  0.28595686
  0.736429   -0.15817606 -0.30776048  0.42232895  0.1362834   0.17849731
  0.14432478  0.189502    0.61925054  0.01368332  0.13335729  0.3171835
  0.6007979   0.37730646 -0.04503369 -0.12250984 -0.3859805   0.37685323
  0.33597422  0.74752855  0.4328692   0.30380845  0.4956336   0.9133897
  0.31169486  0.24391556  0.0468905  -0.28252172  0.5547335  -0.12841415
  0.42672968 -0.6196468   0.00250292  0.48550224  0.82020974 -0.69591784
 -0.00462246  0.7936709  -0.07070601 -0.12073386  0.22132564  0.7785871
 -0.07070601 -0.0379343 ]
Pearson r: 0.611
MSE: 0.672
Fold 2, k_feat 128
X_train.shape:  (268, 128)
y_pred:  [-1.0067031  -0.56214774 -0.16240811 -0.3780582  -0.54809034 -1.7294512
 -1.0817374  -1.66806    -1.5499725  -0.80263114 -1.5433447  -1.5433447
 -1.2623594  -0.76273763 -1.7105992  -0.82278216 -1.1171883  -0.17829967
 -0.28106165 -0.7788836  -0.5838748  -0.74465513 -0.62368524 -0.43233848
 -0.12738323  0.74685335  0.1770401   0.25578332  0.8463597   0.01984954
  0.5899198   0.85782695 -0.07724333  0.11053872  0.18626046  0.6772187
  0.32561326 -0.29307985  0.9408002   0.17771506  0.7864835   0.7860708
  0.26773095  0.39746642 -0.01433468  0.03906989  0.61219716  0.75800014
  0.6910207   0.4152336   0.17770553  0.28291917  0.03559351  0.3339262
  0.79238725  0.6294689   0.39457583  0.29157877  0.12821531  0.57280946
  0.11578059  0.2822504   0.02405071  0.4544983   0.17403316  0.32288885
  0.06847882  0.61600876  0.62166595  0.6059134   0.08284307  0.37272048
  0.37113428  0.48271704 -0.37800002  0.41529346  0.4991157  -0.04980445
  0.58090234 -0.24836373 -0.39043927 -0.0785346  -0.15193915  0.10685515
 -0.48464346  0.31747222  0.3222568   0.58546543  0.13681531  0.09254169
  0.39196754  0.22317696  0.8352859   0.92587733  0.8768873   0.22777915
  0.40387535  0.33227158 -0.05243993  0.87299824  0.7821474   0.17160892
 -0.22093463  0.58285666  0.6871171   0.772032    0.64540005  0.03352404
 -0.21284938  0.6790981  -0.5043001   0.07320094  0.9057801   0.4814341
  0.62833524 -0.06011844  0.3830793   0.8054943   0.74698925  0.08951759
  0.78238773  0.45113063  0.59207344 -0.7773441   0.20272827  0.7668028
  0.14944625 -0.5504794   0.84217906  0.4436903   0.614182   -0.06732321
  0.3647015   0.12589979]
Pearson r: 0.582
MSE: 0.520
Fold 3, k_feat 128
X_train.shape:  (268, 128)
y_pred:  [-1.4259562  -0.5342927  -1.1696095  -0.69549084 -0.8361466  -1.8000627
 -1.1569784  -1.6510985  -1.1546996  -0.97562814 -0.24284887 -0.47462344
 -0.4846506  -0.88039255 -1.2960973  -1.2650158  -1.3388512  -1.0040324
 -0.9486735  -0.8984244  -0.89019537 -0.73754144 -0.51465607 -0.49142718
 -1.574451   -0.475703   -0.70749784 -0.86272454  0.42221785  0.2695856
  0.5292578   1.0595174   0.5165057   0.745841    0.2849493   0.48688507
  0.53731155  0.60212946  0.4316039   0.7988949   0.40705776  0.19450092
 -0.5304799   0.2285142   0.4056983   0.7307358  -0.844923    0.42908716
 -0.34431005  0.72376585 -0.03482389  0.29505205  1.7613568   0.32676935
  0.1780138   0.1780138   0.5773244   0.13654947 -0.16104841 -0.04144669
  0.70779276  1.1353302   0.59141684  1.0940146   0.3548646   0.01437902
  0.26686335  0.5989537   0.1048522  -0.00749826  0.3691616   0.5762391
  0.9554224   1.0309258  -0.6238911  -0.47042322 -0.66188073 -1.2281799
 -0.10761881  0.44407415  0.58175135  0.7957444  -0.16375685  0.27946663
  0.6374874   0.43544865  0.19703627  0.49840546 -0.10324717 -0.23020887
  0.33111238 -0.02768612 -0.13898039 -0.03026676 -0.01587057  0.38634872
  0.7796564   0.06540394  0.73665    -0.03050756  0.24430847  0.04860973
  0.2339549   0.27908707  1.4561706   0.5022721   0.16000605  0.3880229
  0.4125924   0.9183984  -0.13310385  1.1366549   0.3509469   0.7029438
  0.46132421 -0.05008364  0.20190954  0.21357965  0.69401646  0.38561296
  0.77617025  0.23607922  0.43367147  0.72991705  0.69898844  1.0813751
  0.05411911  0.95810556 -0.01509714  0.84775114 -0.5528815   0.5085063
 -0.7582338   0.75580835]
Pearson r: 0.645
MSE: 0.698
Average pearson_r accross all folds = 0.6127992678517716
Average mse accross all folds = 0.6296389698982239
Fold 1, k_feat 256
X_train.shape:  (268, 256)
y_pred:  [-1.2932378  -0.4544618  -1.2932378  -1.09032    -0.84281844 -0.80363
 -0.6924101  -1.5821147  -1.1475734  -0.5316669  -1.9929751  -1.6767246
 -1.6305956   0.5253364  -1.3363606  -1.9239204  -1.7810566  -1.3416133
 -0.79474443 -1.2840974  -1.8065854  -1.3827951  -1.783217   -0.11047935
 -0.13750637 -0.45873094 -0.13873863  0.12072992 -1.0346992  -1.9894156
 -1.2573206  -1.3773853  -0.5209501  -0.13472772 -0.7717239  -1.2627925
  0.01319182  0.13856602  0.46905124  1.1162995   1.0289873   0.95502555
  0.02442205  0.11372161  0.37351787  0.20746338  0.7011596   0.8014039
  0.7727245   0.32099283  0.50837195  0.49961865  0.77639973 -0.16507244
  0.4999708   0.13882744 -0.8180692   0.13807857 -0.25065708  0.25816047
  0.06252599  0.32053077  0.16630304  0.43794596 -0.15019166  0.06731391
  0.5611888  -0.32581162  0.56839263  0.53219116 -0.82385206  0.71535933
 -0.4903084  -0.77404827  0.71041644 -0.45213115  0.07543159 -0.2708726
  0.35659897 -0.8538701  -1.2730633   0.5091659   0.65423095 -1.7123495
  0.0588733  -0.8941735  -0.64951897 -0.49829507  0.19191718 -0.18299997
  1.0747272  -0.24049687 -0.14493251  0.28004253 -0.3380525   0.21535027
  0.4860226   0.3858732   0.91767704  0.18409169  0.22939909 -0.12170959
  0.08093715  0.07982302  0.413252    0.05437398 -0.09153163  0.18489766
  0.5137819   0.4680084  -0.30759394  0.4117154   0.37936413  0.5393394
  0.28175914  0.31361258 -0.04251313 -0.4571054   0.58473337  0.21384263
  0.32754457 -0.4069172  -0.23938811  0.10952294  0.17430413 -1.0789365
 -0.402941    0.5569862  -0.49014854  0.10456395 -0.06774735  0.48799098
 -0.52462506 -0.279647  ]
Pearson r: 0.654
MSE: 0.609
Fold 2, k_feat 256
X_train.shape:  (268, 256)
y_pred:  [-0.36646795 -0.6672379  -0.17346573 -0.640836    0.03063631 -1.4830267
 -0.7903242  -1.2711661  -1.244683   -0.5532708  -0.8218068  -0.84229517
 -0.7897029  -0.73926425 -1.8510165  -0.5079832  -1.0037844  -0.6698698
 -0.29949832 -0.65382504 -0.35576153 -1.071126   -1.047411   -1.1214705
 -0.12337708  0.82472205  1.295114    0.843801    1.8040016   0.9301157
  0.32249665  0.6002772  -0.01560163 -0.21347237  0.7640197   1.1638198
  0.9295809  -0.37306046  0.9739511  -0.5209656   0.6544106   0.66512465
 -0.17455864  0.3295164   0.12301898 -0.487149    1.05952     0.80329394
  1.0024242   0.21197581  0.62332606  0.41698575  0.28153062  0.6691315
  0.8493128   0.64043784 -0.1563096   0.48997474  0.7071152   0.645484
 -0.04732513  0.6786268   0.3079834   0.76610637  0.23570967  0.2751825
 -0.26117873  0.75973916  0.6868963   0.781008    0.42278695  0.60287976
  0.04072356  0.43932295 -0.7602967   0.2539277   0.9791961  -0.40595317
  0.82937026  0.01257229 -0.2700019  -0.7321899   0.1947062  -0.15129423
 -0.8034378   0.6092663   0.7271621   0.70459604  0.23192692  0.4670987
  0.10588598  0.41676378  0.92706037  0.6266606   0.8404455   0.7741289
  0.04994416  0.0674634  -0.15831733  0.72067976  0.17637539  0.22015142
  0.236907    0.6167152   0.8320179   0.6802304   0.8465512   0.20510077
 -0.6022806   0.38878274 -0.46142077  0.32000875  1.0748601   0.09358835
  0.9305432  -0.34573317  0.27914214  0.6243272   0.9135101  -0.1009748
  0.30135703  0.58374715 -0.14207172 -0.5009885   0.15417933  1.293108
  0.56574583 -0.0818162   0.42173767 -0.31704974 -0.17529726 -0.48930264
 -0.2263205  -0.02052426]
Pearson r: 0.580
MSE: 0.527
Fold 3, k_feat 256
X_train.shape:  (268, 256)
y_pred:  [-1.5629907e+00 -2.7233315e-01 -1.3118353e+00 -3.3264923e-01
 -9.9424171e-01 -2.3714099e+00 -1.9282597e+00 -1.7106009e+00
 -1.8986278e+00 -1.1493168e+00 -7.5711036e-01 -1.3282804e+00
 -1.3448651e+00 -1.1258912e+00 -1.5340409e+00 -1.4889424e+00
 -1.5719595e+00 -8.8467884e-01 -9.0869713e-01 -1.0850418e+00
 -1.1976264e+00 -7.2554827e-01 -1.8169117e-01 -4.1257381e-01
 -1.4225955e+00 -6.9532633e-02 -8.2268572e-01 -6.5442348e-01
  1.5410972e-01  3.2670140e-01  7.4679780e-01  9.8129153e-01
  9.8676324e-01  7.0858359e-01  9.1491437e-01  5.2631259e-01
  5.9360480e-01  5.9945798e-01  3.3432364e-01  9.1767526e-01
  1.1990762e-01  1.2853146e-03 -7.0376801e-01  3.9897180e-01
  6.5084386e-01  9.1921115e-01 -1.0582867e+00  4.2795348e-01
 -1.9416451e-01  8.3895922e-02 -3.3419847e-01 -7.4753547e-01
  1.4778650e+00  7.0546937e-01  8.9184523e-02  2.2918773e-01
  1.9839501e-01 -3.4308434e-04  4.3295121e-01 -3.0528188e-01
  4.4611382e-01  9.4762397e-01  6.0895753e-01  1.2072108e+00
  1.1032727e+00 -6.6103363e-01  5.3054833e-01  9.7585940e-01
  1.7332959e-01 -3.4769034e-01  3.9335036e-01  4.2562795e-01
  8.6070609e-01  8.6375642e-01 -2.2010255e-01 -5.3617740e-01
 -7.4057221e-01 -1.0194099e+00 -2.8862500e-01  3.6990619e-01
  6.6068912e-01  5.1277328e-01 -1.4022088e-01  3.8931298e-01
  7.7251554e-01  5.1396728e-01  2.9413486e-01  3.8091826e-01
 -2.9148388e-01 -2.9117608e-01  5.2236676e-01  2.9499030e-01
 -2.0921230e-03 -1.4487338e-01 -3.5874009e-01  4.8292661e-01
  8.6485505e-01 -3.9337873e-02  5.7836080e-01  1.3887811e-01
 -1.3305497e-01  2.5738215e-01  7.6483464e-01  3.2685828e-01
  2.1112254e+00  2.4125695e-01 -1.3091207e-01  6.9571233e-01
  1.3344216e-01  9.7150254e-01 -8.4447861e-04  6.8035960e-01
  3.5068440e-01  9.2980218e-01  1.8291879e-01 -7.1889162e-02
  1.8667293e-01  4.5998502e-01  3.2185292e-01  1.4017320e-01
  1.0721834e+00  1.5282035e-01  4.8557448e-01  9.2861056e-01
  8.0517554e-01  1.3094094e+00  1.8625045e-01  1.4002831e+00
 -6.6556454e-02  1.0803196e+00 -7.4854064e-01  6.5192628e-01
 -8.9880037e-01  8.8137507e-01]
Pearson r: 0.636
MSE: 0.725
Average pearson_r accross all folds = 0.6233557882715931
Average mse accross all folds = 0.6203546524047852
Fold 1, k_feat 512
X_train.shape:  (268, 512)
y_pred:  [-1.0683011  -1.2063757  -0.9466367  -1.0539421  -1.1006907  -0.82543147
 -0.6512172  -1.9688588  -1.030562   -0.22478485 -2.1879458  -1.7623086
 -1.3432565   0.19990516 -1.6204168  -1.3771572  -1.9841247  -1.0556753
 -0.8153249  -1.1241757  -0.7906343  -1.7016256  -1.2918258  -0.5454066
  0.03815603 -0.8075503   0.09065175  0.06273603 -0.99853206 -1.5811665
 -1.0587504  -1.3178041   0.14947343  0.5103998  -0.5670731  -1.1951038
 -0.3623284   0.23202634  0.52572227  1.2250745   1.1364121   0.7938185
  0.02995133  0.6592424   0.28255558 -0.20563912  0.37614226  0.7053375
  0.6207588   0.28511715  0.6615579   0.9320884   1.0073888  -0.2985202
  0.2709093   0.11326766 -1.2128562   0.25384927  0.04414129  0.73317647
  0.66193724  0.4084525  -0.06040144 -0.5363264  -0.13841796 -0.42427874
  0.8155129  -0.6583806   1.029155    0.64779305 -0.24110079  0.77043176
 -1.2745837  -0.85841537  0.32373834 -0.45289338  0.13139772 -0.22578263
  0.13298154 -0.98250127 -1.5769112   0.2952628   0.3910079  -1.4520667
  0.02221894 -0.68930554 -0.7128767  -0.5599631  -0.16897488 -0.41089487
  1.2975719   0.35173273 -0.4267726  -0.07301807  0.09511471  0.31071687
  0.6758387   0.4565158   0.5271902   0.49985313  0.43108177  0.18143654
  0.76835775  0.0418849   0.460083   -0.16017723 -0.3965007   0.19706845
  0.6326437   0.76407146 -0.40134215  0.51798177  0.7475929   0.24652338
  0.19275951  1.4203677   0.48781252 -0.23730731  0.97073245  0.60054064
  0.56716156 -0.43731654 -0.00817418  0.10966039  0.12790322 -1.0463738
 -0.29703355  0.34734893 -0.20518827  0.15909195 -0.11327291  0.2668445
 -0.2936865   0.6444104 ]
Pearson r: 0.617
MSE: 0.682
Fold 2, k_feat 512
X_train.shape:  (268, 512)
y_pred:  [-0.08587933 -0.21422529 -0.10829711 -0.64816904  0.31615686 -2.3458064
 -0.08647633 -1.2348397  -1.282229   -0.34983492 -0.7692652  -0.79379845
 -0.6771891  -0.83952713 -2.078021   -0.75717473 -0.4866135  -0.819257
 -0.6091728  -0.6550994  -0.93008995 -1.4945568  -0.9820924  -0.65164065
 -0.38459182  0.9042318   1.8022976   0.98562     2.138074    0.9816594
  0.83502483  0.79950047  0.51360226 -0.12136912  1.3740516   1.8185849
  0.93707466 -0.36503363  1.2049203  -0.08311486  0.4570868   0.6696515
 -0.900707   -0.13921928  0.08708119 -0.51546645  1.10916     0.6564441
  0.9254446   0.73170996  1.0699964   0.37759304  0.6091471   0.6580143
  1.0578356   1.0377798   0.04941177  0.69641566  0.24145532  1.0245962
  0.44533992  1.0878243   0.34118748  1.2094016   0.40273023  0.03265429
  0.20500636  0.57281446  0.4274752   0.36595535  0.19044757  0.66852355
  0.2449646   1.2823033  -0.8514805  -0.39413595  0.77736735 -0.23985267
  0.92319727  0.01515508 -0.1116972  -0.63507056  0.41075897  0.07287526
 -1.0623593   0.49486518  0.98692226 -0.00896311 -0.0573473  -0.33241677
  0.03114891  0.13177204  1.1102529   1.5187817   0.86318517  0.7741232
 -0.04643703  0.05385685 -0.04194164  0.6253388  -0.02318072  0.5440345
  0.44073677  0.6298709   0.9562254   1.1627622   0.34281182  0.22364497
 -0.27672553  0.5995197  -0.420074    0.8507235   1.773437    0.03025579
  1.4026113  -0.08626962  0.54535675  0.5975039   0.76960325 -0.13262415
 -0.02163911  0.20051622 -0.4100983  -0.66590476  0.17787361  1.4380298
  0.31986785 -0.19589138  0.32346344 -0.4703684  -0.19344425 -1.011487
 -0.07556057 -0.04367805]
Pearson r: 0.535
MSE: 0.635
Fold 3, k_feat 512
X_train.shape:  (268, 512)
y_pred:  [-1.9025178  -0.36562538 -0.97617173 -0.60293484 -1.1672447  -1.9253848
 -1.7221785  -1.546468   -2.5217745  -1.6006961  -1.6093674  -1.6824398
 -0.894608   -0.8466406  -2.2475889  -1.657984   -1.7242773  -0.21640348
 -0.5109768  -0.8620441  -0.9245615  -0.9726083  -0.26015282  0.02952385
 -1.3581355  -0.27698803 -0.8326981  -0.5555043  -0.3371067   0.85606146
  0.7210903   1.6911597   1.0099444   0.920444    1.5704737   0.5764942
  0.6379185   0.58595705  0.36211395  0.87329245  0.37247467 -0.00515079
 -0.6220312   0.3324504   0.2241373   0.7499342  -1.1852517   0.8046303
  0.14131784  0.39267826 -0.00271749  0.02615309  1.7184362   0.22151613
  0.2337985   0.12763977  0.35776186  0.14990616  0.7066064  -0.26842928
  0.03047371  0.78595924  0.20515203  1.5044084   1.308063   -0.93731236
  0.7184148   1.1250682   0.1581397  -0.95301414  0.8367634   1.0165377
  0.4553609   0.8378067  -0.17309618 -0.5774164  -0.7989795  -1.2506185
 -0.8067844   0.06980324  0.8196559   0.3591504   0.09099674  0.41904974
  0.76467085  0.38991308 -0.03568554  0.48549938  0.13452482  0.35251617
  0.17945671  0.5885048  -0.16094637 -0.30418396 -0.00309515  0.36800766
  1.4572706   0.30105162  0.7402282   0.11560678 -0.2978449  -0.5838504
  0.6037574   0.69146013  1.8702269   0.2820778  -0.01196146  1.0000553
  0.14280462  0.617609    0.35148144  0.44846153  0.5069542   1.1495318
  0.34455156  0.01771784  0.55011606  0.3630228   0.85807467  0.15582705
  0.7377205  -0.30166578  0.41415405  0.6161089   0.8583522   0.9852247
  0.15337658  1.5550652  -0.1407547   1.3093214  -1.0076244   0.820549
 -1.1076393   0.71727467]
Pearson r: 0.618
MSE: 0.782
Average pearson_r accross all folds = 0.589927798690676
Average mse accross all folds = 0.6995803713798523
Fold 1, k_feat 1024
X_train.shape:  (268, 1024)
y_pred:  [-0.9712992  -1.7514362  -0.92695117 -0.81700534 -1.2827252  -0.4991324
 -0.4298093  -1.7269683  -1.0600941  -0.11881584 -1.825541   -1.4408321
 -1.4468052   1.1597153  -0.9978779  -1.6482987  -2.263637   -1.4820054
 -0.47479868 -1.4507236  -1.4702356  -0.77685636 -0.9382669  -0.2770679
  0.10420763 -0.10449499  0.49841154 -0.1389696  -0.6681605  -2.0155683
 -0.91669697 -1.7510362  -0.20682657  0.85862017 -0.73012364 -1.5295434
 -0.40043312 -0.2062515   0.37422192  1.0613475   0.7078227   0.8548919
 -0.06861418  0.6764709   1.3186926   0.10877413  0.4139819   0.99791443
  0.45229304 -0.9788276   1.4166931   0.815007    0.68584836 -0.12027252
 -0.22002709 -0.18212116 -1.2815742   0.45996296  1.1727558   0.55656767
 -0.0403735   0.05287105 -0.41576636 -1.1900781  -0.06043988 -0.3383957
  1.4395672  -1.3720366   1.1537253   0.8421668   0.06123108  0.24567223
 -0.9118563  -1.2128959   0.24604309 -0.3641907   0.25613248 -0.12527281
 -0.18733662 -0.97803116 -0.8741107  -0.38902277  0.5297409  -1.22967
 -0.15527105 -0.6527417  -0.5082426  -0.26996464 -0.03567892 -0.19131255
  1.0396311  -0.3663449  -1.0895784  -0.23339736 -0.03662986  0.05763906
  0.69518256  0.28436172  0.45691955  0.22620368  0.77319276  0.29902017
  0.21689332  0.18054092  0.896562   -0.3555619   0.20522606  0.43090618
  0.4746107   0.98966146  0.31041312  0.47646105  1.3117951   0.4269905
  0.33817124  0.8955631   0.472973   -0.8304268   1.0367074   0.9036466
  0.7040292  -0.55705905 -0.07487452  0.15293247  0.10253924 -1.1057576
 -0.7525777   0.36931777  0.01736993 -0.02025372 -0.17246664  0.09081858
 -0.37066284  0.07663924]
Pearson r: 0.529
MSE: 0.844
Fold 2, k_feat 1024
X_train.shape:  (268, 1024)
y_pred:  [-0.31881344  0.41917944 -0.8323338  -1.4092867  -0.14073682 -2.202583
 -0.21430302 -1.1407776  -0.7426666  -0.23470879 -0.7209172  -0.68986773
 -0.8866786  -0.39283597 -1.2994514  -0.52958465 -0.32564235 -0.21631527
 -0.5938375  -0.24003315 -0.867388   -1.3372086  -0.43039727 -0.6349565
 -0.47398007  1.6520336   1.8512354   1.2705979   1.3778453   0.73501563
  0.5718224   0.52429795  0.7369673  -0.50930893  1.9190426   1.6366699
  1.4035132  -0.15197611  0.973274   -0.12402773  0.7069502   0.51566863
 -0.8549303  -0.38249493 -0.05928302 -1.058351    1.243999    0.86918664
  0.78270006  0.5714328   0.8312385   0.364254    0.6241989   0.05667901
  0.88931775  0.8072531   0.45885754  0.69661236  0.299896    1.1284137
  0.86032724  1.0870359   0.50063634  0.92680335  0.43766904  0.2787795
  0.1738782   0.5261922   0.56085443  0.16933346 -0.14909601  0.46149254
  0.53650594  0.847301   -0.8436185  -0.16425967  1.0105271  -0.480528
  1.0612562  -0.90784025 -0.59806466 -0.81680286 -0.02117729 -0.4084463
 -1.431147    0.41301298  0.93640804 -0.34721112 -0.02889252 -0.43076038
  0.41504788 -0.44688785  0.93208504  1.7890949   0.7371805   1.5429354
  0.1270926   0.19219995  0.40463805  1.0615766   0.25552034  0.5393226
  0.14653945  1.130368    1.1954863   1.2361732  -0.22841048  0.30814886
 -0.08160496  1.4679015  -0.48351932  0.63702154  1.8536716   0.45674014
  1.2565413   0.09643173  0.6201086   0.15302944  0.8753159  -0.3607099
  0.06145573  0.08284545 -0.24167466 -0.46891415  0.15495062  1.2304895
  0.2725439  -0.02191544  0.4521191   0.11455989 -0.10576916 -0.64474535
 -0.37276888 -0.403929  ]
Pearson r: 0.554
MSE: 0.616
Fold 3, k_feat 1024
X_train.shape:  (268, 1024)
y_pred:  [-1.1337802  -1.2637517  -1.433497   -0.80981565 -1.0068495  -2.646531
 -2.1059256  -1.3174353  -2.2243881  -1.9258823  -2.092216   -2.097891
 -1.4323125  -1.3647375  -2.3817575  -2.3420782  -2.3814852  -0.11215496
 -0.43224263 -1.3698773  -1.2002804  -1.3536038  -0.28678584 -0.16950035
 -0.97352767 -0.5724921  -1.092022    0.09137964  0.03774977  1.3640642
  1.3282304   1.3810463   0.9238572   0.6771431   1.0939445   1.0594263
  1.2991242   0.48504066  0.3781848   0.6213579   0.08764601  0.28445768
 -0.10810661  0.273952    0.46743155  0.10311842 -0.90566707  0.21250343
  0.29914665  0.65825033 -0.19366646  0.6617284   2.153771   -0.0055604
  0.4531536   0.75855255  0.99200106  0.7338972   1.1404352  -0.23687315
  0.03476238  1.2025323   0.17366791  1.7056937   0.8516302  -0.6929991
  0.26352406  0.99355364 -0.18006516 -0.43176198  1.0065217   0.6868577
  0.54554415  0.65050983 -0.5252795  -0.49586987 -0.52561283 -1.3633633
 -0.6822624   0.5699992   0.8950243   0.906652    0.14402771 -0.0358963
  0.53042364  1.1775599  -0.22045517  0.4260087   0.21251297  0.38476372
 -0.0989151   0.713233    0.02732658 -0.18611622  0.04869413 -0.43064427
  1.4208865  -0.1044178   0.9158368  -0.11963511  0.19953728 -0.4094367
  0.12087679 -0.27741194  1.9903488   0.9225011   0.6934352   0.85183096
  0.22465706  0.13888979  0.48426056  1.2947712   0.9235921   0.9096613
  0.13719702  0.30673027  0.99161005  0.77745676  0.41858053  0.09986496
  0.52550364 -0.14534044  0.507473    0.82448673  0.6853967   0.98050785
 -0.03150892  1.8332686   0.01377439  0.9409704  -1.3881817   0.10396528
 -1.4777486   0.03840446]
Pearson r: 0.681
MSE: 0.698
Average pearson_r accross all folds = 0.588239776882413
Average mse accross all folds = 0.7194535136222839
Fold 1, k_feat 2048
X_train.shape:  (268, 2048)
y_pred:  [-1.0624723  -1.4825356  -0.9619514  -1.1588815  -1.1708263  -0.69260865
 -0.65432537 -1.1799488  -0.9992696   0.3149722  -1.2985598  -1.9075545
 -1.8801432   1.2998108  -0.72375476 -2.407545   -1.9704165  -1.2338612
 -0.2350761  -1.4583062  -1.140993   -1.4289149  -0.78551316 -0.17429723
 -0.08009055  0.8196     -0.11796597 -0.5383501  -0.9779713  -2.9171994
 -1.1685191  -2.5298786   0.04668847  0.8330343  -0.60033953 -2.1179657
 -0.47963598 -0.30771968  0.11382142  1.1018819   0.7440014   0.9817804
  0.15755379  0.11118093  1.1268572  -0.15856096  0.8114835   1.0883859
  0.4272181  -0.6143143   0.9684768   0.6394948   0.72749484 -0.03373602
 -0.06766805 -0.24714687 -1.6928465   0.28923663  0.7281097  -0.24486414
 -0.11321518  0.07636335 -0.4138238  -0.9485332  -0.08784792 -0.89902866
  1.4180762  -0.8892807   1.3280979   1.422927    0.22595033  0.50024235
 -0.0497629  -1.250193    0.40735748 -0.4910824   0.18841293  0.11732641
  0.03885713 -0.66239715 -1.1841304  -0.24073026  0.828917   -1.2467515
 -0.15203747 -1.009911   -0.45882395 -0.39814803  0.22621623 -1.053012
  0.88517857 -0.7845439  -0.73548186 -0.01194581  0.4615347   0.45350733
  0.5283836   0.66631794  0.39094564  0.37212464  0.9065424   0.24057493
  0.13434282  0.45618734  1.235905   -0.4857237   0.17397097 -0.06669948
  0.8689481   1.0191444   0.6127676   0.26586118  1.4835843   0.64115286
  0.34389982 -0.04767069 -0.29547605 -1.295247    0.86317     1.0018469
  0.9809011  -0.97546136 -0.07264993 -0.03197101 -0.17666426 -0.9822923
 -0.6007303  -0.11587444 -0.08606347 -0.02021185 -0.33233216 -0.44870937
 -0.3297095  -0.129374  ]
Pearson r: 0.564
MSE: 0.817
Fold 2, k_feat 2048
X_train.shape:  (268, 2048)
y_pred:  [-0.09211886  0.1477977  -0.6450528  -1.1056728  -0.72483253 -2.088222
 -0.6571398  -1.1491685  -1.0246079  -0.00941968 -1.0768203  -1.0829812
 -0.5811471  -0.1476599  -2.019339   -0.19111347 -0.0651505  -0.5725068
 -1.127538   -0.21172571 -0.9117     -1.2295359  -0.0308305  -0.72659683
 -0.50620043  1.7081434   1.8562771   1.9672269   1.5800017   1.2530965
 -0.03044856 -0.3993051   0.92062056 -0.02344966  1.3968397   0.44675624
  2.4890304   0.5266818   0.9566823   0.14593375  0.8061234   0.35977328
 -0.6611322  -0.3538741   0.02188861 -0.16690743  0.6824051   0.7972733
  1.0117036   1.752757    0.47778618  0.35651267  0.2988361   0.02271509
  0.9336864   1.4318596   1.3468598   0.25851715  0.6121198   0.9490551
  0.92444885  1.1564449   0.7902528   0.84612954  0.6361662   0.339666
  0.08354568  0.39753282  0.39716828  0.410761    0.9853331  -0.08506215
  0.18280232  0.04613054 -0.68786573  0.10126674  0.9552618  -0.42099237
  0.6638559  -0.3085841  -0.46677256 -0.86372435 -0.02461791 -0.5267633
 -1.4838884   0.9944712   0.9547328  -0.34782922  0.06725466 -0.6070937
  0.27249658 -0.80077267  1.8283252   1.3347822   0.47668374  1.6806203
  1.7613412   0.21331728  0.34865463  0.98316133  0.66950977  0.7115885
  0.41110384  0.50053275  1.1646963   1.0539161  -0.8932812  -0.19824016
 -0.7398975   1.8084017  -0.14208949  0.84632266  1.4320499   0.16467965
  1.6076139  -0.26749277  0.3997687   0.6671499   0.95541227 -0.0502454
 -0.06482542  0.3578173   0.08744299 -0.22541225  0.09408605  1.1440207
  0.93178284  0.18197548  0.36191666 -0.18088305 -0.6854719  -0.7963362
 -0.04703116  0.45997322]
Pearson r: 0.570
MSE: 0.638
Fold 3, k_feat 2048
X_train.shape:  (268, 2048)
y_pred:  [-0.8819392  -1.0188725  -1.9504358  -1.2075872  -1.1978796  -2.9398293
 -2.057477   -1.1885712  -2.4166095  -1.9093874  -2.154511   -1.563813
 -1.7926716  -1.4059194  -2.4436944  -2.0579188  -2.0577123  -0.14760089
 -0.5857384  -0.98275757 -0.98367524 -1.4446597  -0.23873472 -1.1685898
 -0.79334044 -0.5429754  -0.8143532   0.01302385 -0.27823758  0.9659784
  1.3664186   1.331413    1.4535577   0.67417026  1.1932571   1.2151029
  1.86183     0.991596    0.3420949   0.66307425 -0.31284833  0.11152172
  0.24140334  0.6293156   0.5789273   0.29985714 -0.5843599   0.35107946
  0.02460742  0.2553618   0.8281281   1.0117018   1.9185655   0.55387616
  0.39252496  0.45647788  1.0440819   0.8562324   1.3640912   0.46229005
 -0.06582355  0.7318723   0.8412268   1.6164596   0.8964753  -0.28269553
  0.05155063  1.2022212   0.1319406   0.21873951  0.6612308   0.18080544
  0.01213765  0.38381004 -0.5813134   0.05178428 -0.126549   -1.87398
 -0.70089316  0.93160844  0.47755384  0.9102161  -0.09981847 -0.34980226
  0.57075405  0.74073386 -0.7076223   0.44990516 -0.24618554  0.22341728
  0.60092497  0.28664422 -0.0258534  -0.01389289 -0.06167912 -0.23697782
  1.122258    0.20593524  0.8443353  -0.19114804  0.46416998 -0.23495126
 -0.18560767  0.33354306  1.8385789   0.99991393  0.91504407  0.96306586
  0.25929904  0.13215995  0.57859874  0.9443433   1.179075    0.821244
  0.5702231   0.6056483   0.5791583   0.9387715   0.979543   -0.3380077
  0.79208183  0.19932294  0.5241506   1.0393522   1.3202488   0.9342687
 -0.2055664   1.846062    0.65141463  1.3528583  -1.3358365   0.07877827
 -1.5446633  -0.01392865]
Pearson r: 0.721
MSE: 0.625
Average pearson_r accross all folds = 0.6181663231818938
Average mse accross all folds = 0.6935470700263977
Fold 1, k_feat 4096
X_train.shape:  (268, 4096)
y_pred:  [-1.2094841  -1.3543012  -1.2339655  -1.2564828  -1.0046858  -0.89009213
 -1.0122163  -1.3349838  -0.85684806  0.07887506 -1.2707042  -1.6503239
 -1.6469908   0.3190961  -0.50705767 -2.189976   -1.5392168  -0.98534787
 -0.04188204 -1.5328195  -0.84629345 -0.9277167  -0.91034615 -0.1556921
 -0.03924751  0.28668165 -0.28377473 -0.77018887 -0.9787225  -3.08886
 -0.9108777  -2.2686007   0.6676626  -0.670931   -0.69421595 -1.692604
 -0.6603328   0.12206709  0.1837225   1.200098    0.79873776  0.6422615
 -0.28797114  0.03274822  1.2696295  -0.33305585  0.6112211   1.0210857
  0.31155992  0.329427    0.95714355  1.1139886   0.50199866  0.2244196
 -0.36831665 -0.41682816 -1.2309117   0.48949814  1.1180339  -0.22792304
 -0.0046165   0.08060074 -0.4023577   0.13574862 -0.20238638 -0.02500927
  1.6715052  -0.49535823  1.1252654   0.8957715   0.39113474  0.637764
 -0.04981971 -1.6563874   0.39941335 -0.43870664  0.3242054   0.11638451
  0.26402545 -1.0651749  -1.3191347   0.16648877  0.94615483 -1.1463856
 -0.04518366 -1.1689764  -0.39385927 -0.6322948   0.26649046 -1.169645
  0.8597617  -0.7422173  -0.14615536 -0.16211617  0.26873696  0.94535303
  0.5676222   0.6389904  -0.15904176  0.57676125  0.8027575   0.5328603
  0.33687115  0.41506553  0.39161158 -0.42269015 -0.5493448  -0.19912481
  0.81941867  1.2654405   1.3383512   0.23444176  1.8769352   1.0686231
  0.3874004  -0.4080428  -0.16953635 -1.4141729   0.87911344  0.932189
  0.87282443 -1.2983925  -0.5275588   0.03818822 -0.4066038  -0.8372614
 -0.6541548  -0.01408565 -0.15345955  0.26538002 -0.25552046  0.32165396
 -0.57157254 -0.15012884]
Pearson r: 0.542
MSE: 0.850
Fold 2, k_feat 4096
X_train.shape:  (268, 4096)
y_pred:  [-0.36795163  0.05840212 -1.5171274  -1.099072   -0.92358816 -2.2278996
 -0.59183484 -1.1054056  -0.8141187   0.04150069 -1.1822802  -1.2199339
 -0.80848944 -0.01528049 -1.5739549  -0.03573048  0.34499288 -0.5523331
 -0.90877855 -0.31674063 -0.943348   -1.2550443   0.0321703  -0.65330356
 -0.59944934  1.3094276   2.1974678   1.5804877   0.9927777   1.4098915
 -0.0540427   0.28023583  0.84731877 -0.05479074  0.9623443   0.05177927
  1.844765    0.22757089  1.1646497  -0.3393818   0.72311556  0.4227733
 -0.39938682 -0.01739186  0.2672702  -0.26531133  0.5727689   0.7894194
  0.3723945   1.9821541   0.88645065  0.7325381   0.19539833 -0.22513694
  0.8447944   0.9700744   1.3853791   0.4539451   0.9686549   0.8235923
  0.6426339   1.1966788   0.74049413  0.7810011   0.49633265  0.32260036
  0.22399938  0.3719008   0.0701803   0.5066024   0.45662212  0.2178964
 -0.41302162 -0.04980388 -0.20322168  0.10369492  0.93782663  0.18523312
  0.858837   -0.2706486  -0.36638057 -0.42248917  0.38856637 -0.96059597
 -1.5691184   1.0361394   1.3432504  -0.01319885 -0.41755623  0.03377205
  0.2630064  -0.08605924  1.8484397   0.89340925  0.11649179  1.7746227
  1.3507612   1.0120494   0.6353543   0.9292655   0.34549284  0.7465131
  0.34045148 -0.5610551   0.6810744   1.1053722  -1.2918367  -0.37029442
 -0.5635597   2.0427961   0.01385635  1.0317951   1.6369979   0.03238279
  1.3293012  -0.53394777  0.4100181   0.9593413   1.2951227  -0.03812659
  0.03881788 -0.05915186  0.45326298 -0.21595567  0.17267829  0.8547385
  1.2977419   0.05379093  0.13519645 -0.10377121 -0.743618   -0.27134064
  0.14377248  0.8054702 ]
Pearson r: 0.573
MSE: 0.619
Fold 3, k_feat 4096
X_train.shape:  (268, 4096)
y_pred:  [-0.66510135 -1.1237111  -1.8290952  -1.7944368  -0.9364954  -3.198683
 -1.8306708  -1.2407218  -2.7930422  -1.9689896  -1.5724025  -0.2187903
 -1.8608282  -1.5079358  -3.1948557  -2.3231394  -2.319877   -0.9502392
 -0.8609728  -1.4031019  -0.93345755 -1.4973953  -0.22503996 -1.0367656
 -0.9606455  -0.6242376   0.29533136 -0.03727663  0.10306191  0.5965302
  1.1931398   0.90450454  1.6268327   0.9381325   0.61748004  1.3094394
  1.311816    1.2426679  -0.52621984  0.8488462  -0.10163283  0.36615384
 -0.11220801  0.26348054  0.8112371   0.14965963 -0.24871612 -0.11481845
 -0.27583182 -0.36130834  1.0505242   1.0522068   1.4470823   0.3194301
  0.26882982  0.30817604  1.5173085   0.79593444  1.2170565   0.50248337
  0.03103971  0.89209104  1.2578671   1.6727393   0.58475995 -0.5148244
  0.22761762  0.9757147   0.05862784  0.30859685  0.30566502 -0.50317013
  0.26980114  0.43224907 -0.8522222   0.17079854 -0.53418577 -2.1348474
  0.0577718   1.1652293   0.09496236  1.4897239   0.09301817 -0.47378027
  0.04575002  0.03547812 -0.59240294  0.5756998  -0.18556762  0.28162217
  1.2566245   0.15810442  0.10876751  0.02719426 -0.06797183 -0.02167535
  0.82570577  0.22231221  0.33730674 -0.55060565  1.140238   -0.15740383
 -0.33555174  0.66646934  1.9567165   1.126837    0.40576196  1.0278332
  0.24245548  0.75790167  0.6388235   1.1130116   1.278847    1.4945865
  1.0103996   0.26783764  0.8551259   0.95873666  0.5098078   0.08813798
  0.7974744   0.9028363   0.8629434   0.7526014   1.2400889   1.5064437
 -0.401677    0.8034258   0.34139192  1.0843852  -1.3245856  -0.05610788
 -1.5210347  -0.02885151]
Pearson r: 0.744
MSE: 0.590
Average pearson_r accross all folds = 0.6196306609169319
Average mse accross all folds = 0.6861991286277771
Fold 1, k_feat 8192
X_train.shape:  (268, 8192)
y_pred:  [-1.0203147  -1.5396069  -0.9263066  -1.4230528  -1.0811117  -1.080323
 -0.54812706 -0.7550355  -0.61105764  0.31057477 -1.1498767  -1.3943427
 -1.3417642  -0.25732613 -0.11746073 -2.0828106  -1.2750252  -1.0592766
  0.03717458 -1.2553818  -1.2093195  -1.6325538  -0.3250929  -0.27706432
  0.05275226  0.6062288  -0.51734114 -0.9463313  -0.44619238 -3.0146942
 -0.91360414 -2.2265668   0.36067295 -0.44324112 -0.73654807 -1.7584459
 -0.6461853   0.37738943  0.18208218  1.4320297   1.1699572   0.5393603
 -0.42018127  0.07503152  1.1046748  -0.39366686  0.5980935   0.78623533
  0.5494919   0.42604542  0.9208751   0.8420396   0.7902937   0.07557452
 -0.48268175 -0.3113128  -1.3164892   0.2754352   1.2063842  -0.21848524
 -0.20399916  0.36871696  0.59407425  0.28232074  0.15016055  0.14340234
  1.4419401   0.29978144  0.9614892   0.7741809   0.5765691   0.7018142
 -0.36215162 -1.1245564   0.79373264 -0.4910735   0.20033789 -0.17630315
  0.38214564 -1.3862908  -1.4925501   0.40876865  0.53843164 -1.6681056
  0.00866294 -1.0454001  -0.4979763  -0.6241176  -0.33952832 -1.540389
  0.8187778  -0.59120524 -0.36734414 -0.34652805  0.33800507  1.1984017
  0.21556377  0.12500954  0.05660045  0.74010205  0.679116    0.69444823
  0.43347263  0.3797469   0.20794058  0.03762031 -0.6708317  -0.12142611
  1.2626371   1.2314389   1.410279    0.6424947   2.0284958   1.5562782
  0.36888313 -0.54006934 -0.34351516 -1.1185925   0.6683235   1.0173774
  1.0841894  -1.2865157  -0.70591456  0.34962463 -0.22504854 -0.94087476
 -0.8748429   0.23939085 -0.30728197  0.2470057  -0.6050879   0.70820665
 -0.5166489  -0.50636005]
Pearson r: 0.560
MSE: 0.833
Fold 2, k_feat 8192
X_train.shape:  (268, 8192)
y_pred:  [-3.3831441e-01 -7.0784986e-01 -1.5736995e+00 -8.6538988e-01
 -8.9396387e-01 -2.0285673e+00 -1.1202586e-01 -1.0859264e+00
 -3.9844310e-01  8.3331585e-02 -1.2084131e+00 -1.1980617e+00
 -7.3455071e-01  1.1004269e-02 -1.5330108e+00  2.8282297e-01
  1.0735321e-01 -5.6420147e-01 -8.6331344e-01 -2.3131579e-01
 -9.4167614e-01 -1.2814456e+00 -3.6311299e-01 -1.1086464e+00
 -4.3376964e-01  1.1777774e+00  2.1552968e+00  1.3577572e+00
  8.1103480e-01  1.6692239e+00 -7.3492289e-02  1.3773739e-01
  8.4514463e-01  2.4911749e-01  4.5021152e-01  1.2783289e-02
  1.4049953e+00  3.1369758e-01  1.6301047e+00 -2.4887836e-01
  6.6328347e-01  1.7162013e-01  1.2700284e-01  2.6852095e-01
  4.0634155e-02 -3.1308150e-01  3.4754157e-01  4.6976078e-01
 -2.8093565e-01  1.2310230e+00  7.7783346e-01  4.3694746e-01
  1.8062234e-02 -6.9696903e-03  6.0637236e-01  8.8357937e-01
  9.3128622e-01  8.5664141e-01  6.2982631e-01  3.8057220e-01
  7.3631251e-01  1.0119554e+00  8.1639338e-01  7.4094856e-01
  5.2427018e-01  4.6262348e-01  7.7067733e-02  4.8343337e-01
  1.9084203e-01  9.4942737e-01  4.4342887e-01  4.5303655e-01
 -2.0830274e-01  1.6114056e-01 -2.3732066e-02 -1.1352301e-03
  1.0339338e+00  3.4496880e-01  6.9420850e-01 -1.5591735e-01
 -4.3127745e-01 -2.8219080e-01  3.7901843e-01 -9.0586853e-01
 -1.1621206e+00  6.6980278e-01  1.2332741e+00 -4.4059569e-01
 -5.0089645e-01  2.3565114e-01  8.6813927e-02  7.3906541e-02
  1.5463477e+00  1.1538779e+00 -4.2301053e-01  1.6218086e+00
  3.4267581e-01  6.6253698e-01  5.5763626e-01  6.8707299e-01
  4.4393313e-01  1.1330386e+00  1.7305076e-01 -1.1531011e+00
  3.5261953e-01  8.4643161e-01 -1.3479320e+00 -5.4228687e-01
 -1.7705673e-01  1.2171992e+00  3.6345983e-01  1.0179731e+00
  1.1972171e+00 -3.5764974e-01  8.2207870e-01 -1.3993585e-01
  3.7185884e-01  7.2923470e-01  1.1371440e+00 -1.8757772e-01
  1.4383197e-01 -1.6789770e-01  3.1172478e-01 -2.2269034e-01
  6.2813628e-01  9.7599757e-01  1.6356298e+00  1.6443980e-01
  6.5116990e-01 -2.4247473e-01 -6.9325322e-01 -2.0013070e-01
  2.6533437e-01  9.8234618e-01]
Pearson r: 0.578
MSE: 0.572
Fold 3, k_feat 8192
X_train.shape:  (268, 8192)
y_pred:  [-6.89246356e-01 -1.71899819e+00 -2.05182123e+00 -2.17812276e+00
 -1.02953434e+00 -2.84310484e+00 -1.90518856e+00 -1.24583566e+00
 -2.71926785e+00 -1.98181188e+00 -2.03087187e+00 -5.81333518e-01
 -1.74147737e+00 -1.43641996e+00 -2.48740053e+00 -1.76359165e+00
 -1.70575321e+00 -8.22170615e-01 -6.83407903e-01 -2.42413116e+00
 -1.75447726e+00 -1.52128899e+00 -2.60975480e-01 -8.59223247e-01
 -1.02375305e+00 -7.38617659e-01 -8.35019350e-02 -2.85778403e-01
 -1.22822523e-01  4.20337796e-01  1.06224883e+00  6.58503652e-01
  1.36787164e+00  1.07364762e+00  1.14751899e+00  8.56999516e-01
  1.11038721e+00  1.08152974e+00 -4.91718173e-01  1.20758903e+00
  4.64815617e-01  1.89018130e-01 -2.30862856e-01  2.22458005e-01
  1.31178629e+00  2.27052569e-01 -3.74978900e-01  9.73366499e-02
 -4.89044666e-01  1.19327307e-02  7.10716844e-01  7.70132184e-01
  1.44122732e+00 -4.22124982e-01 -2.26438046e-03 -2.92345285e-02
  1.86256444e+00  3.26901793e-01  1.06994092e+00  7.31345534e-01
 -2.74695039e-01  9.58311677e-01  5.66499829e-01  1.23679483e+00
  2.10116625e-01  9.83241796e-02  3.85594249e-01  9.67202306e-01
 -2.31171846e-01  3.85472059e-01  4.39809442e-01 -8.04155111e-01
  3.30697894e-01  2.62978792e-01 -9.17311311e-01  2.09094882e-01
 -7.54831076e-01 -1.52195776e+00  8.01998377e-02  1.13828552e+00
 -4.40722704e-02  1.09640491e+00 -8.35675001e-02 -3.43590140e-01
  2.93101192e-01  2.58530259e-01 -5.25898278e-01  6.52583480e-01
 -3.57924342e-01 -1.39763713e-01  1.17433035e+00  1.67850256e-01
 -1.43056989e-01  1.19315267e-01 -5.26053309e-01  4.43233252e-02
  7.76538253e-01  4.23410773e-01  2.50408053e-01 -9.22602892e-01
  7.79626727e-01 -2.29389787e-01 -1.05507493e-01  1.10251510e+00
  1.75725067e+00  4.24190402e-01  1.20260108e+00  1.23727262e+00
  8.54478717e-01  8.53943944e-01  8.58932137e-01  7.06230283e-01
  1.11080015e+00  1.83035386e+00  7.91251779e-01  1.26050413e+00
  9.80715394e-01  9.46311355e-01  3.73375654e-01  2.29023576e-01
  4.41076398e-01  7.04374671e-01  7.86188006e-01  7.34632373e-01
  6.85859084e-01  1.16662943e+00 -5.61091065e-01  7.36025214e-01
  4.45101261e-02  7.14638829e-01 -1.46517050e+00 -1.23080134e-01
 -1.54360163e+00 -3.86208296e-02]
Pearson r: 0.744
MSE: 0.580
Average pearson_r accross all folds = 0.6273024434153273
Average mse accross all folds = 0.6615495085716248
