After clean X.shape:  (397, 24108)
Fold 1, k_feat 24108
X_train.shape:  (264, 24108)
train_loader.dataset len:  34980
Epoch:10/20 AVG Training Loss:0.162 Training Pearson r:0.915 AVG Test Loss:0.760 Test Pearson r:0.594
Epoch:20/20 AVG Training Loss:0.154 Training Pearson r:0.920 AVG Test Loss:0.781 Test Pearson r:0.601
Fold 1 fraction=0.01 pearson_r=0.7843473527475369 mse=0.4671814789543936
Fold 1 fraction=0.05 pearson_r=0.801438229599886 mse=0.4354348502819467
Fold 1 fraction=0.1 pearson_r=0.8029284787047709 mse=0.43642967090470336
Fold 1 fraction=0.15 pearson_r=0.8027970827635508 mse=0.4388299267603541
Fold 1 fraction=0.2 pearson_r=0.8041455405405582 mse=0.4316278378626137
Fold 1 fraction=0.25 pearson_r=0.8039171965941999 mse=0.4347035280233765
Fold 1 fraction=0.3 pearson_r=0.8036193904638226 mse=0.43737879024537046
Fold 1 fraction=0.35 pearson_r=0.8029947721833919 mse=0.4351489473887667
Fold 1 fraction=0.4 pearson_r=0.8041168324438611 mse=0.4339567031676319
Fold 1 fraction=0.45 pearson_r=0.8032620068883488 mse=0.4356878167501514
Fold 1 fraction=0.5 pearson_r=0.8032425613752654 mse=0.43697416792038996
Fold 1 fraction=0.55 pearson_r=0.803838465215082 mse=0.4347794046713094
Fold 1 fraction=0.6 pearson_r=0.8033933314727507 mse=0.4358955169522413
Fold 1 fraction=0.65 pearson_r=0.8035403207164596 mse=0.43499296453905983
Fold 1 fraction=0.7 pearson_r=0.8039964309808386 mse=0.433627384680523
Fold 1 fraction=0.75 pearson_r=0.803592072849006 mse=0.43357341642175146
Fold 1 fraction=0.8 pearson_r=0.8038024420575852 mse=0.4347699073278028
Fold 1 fraction=0.85 pearson_r=0.8035865137397882 mse=0.4337885851226884
Fold 1 fraction=0.9 pearson_r=0.8035718401106654 mse=0.43449701492953485
Fold 1 fraction=0.95 pearson_r=0.8036649885568522 mse=0.4348111406583965
Fold 1 fraction=1.0 pearson_r=0.8036805420836863 mse=0.43483607434359844
Fold 2, k_feat 24108
X_train.shape:  (265, 24108)
train_loader.dataset len:  35245
Epoch:10/20 AVG Training Loss:0.169 Training Pearson r:0.912 AVG Test Loss:0.750 Test Pearson r:0.622
Epoch:20/20 AVG Training Loss:0.161 Training Pearson r:0.916 AVG Test Loss:0.785 Test Pearson r:0.614
Fold 2 fraction=0.01 pearson_r=0.7645573056505567 mse=0.4750020339586465
Fold 2 fraction=0.05 pearson_r=0.781273828476368 mse=0.4420488679350309
Fold 2 fraction=0.1 pearson_r=0.7850500941489803 mse=0.4366672762909971
Fold 2 fraction=0.15 pearson_r=0.783391101020935 mse=0.44126406748328334
Fold 2 fraction=0.2 pearson_r=0.7830920746503773 mse=0.44060592334425563
Fold 2 fraction=0.25 pearson_r=0.7829323302052282 mse=0.44161005744238374
Fold 2 fraction=0.3 pearson_r=0.7850017737624214 mse=0.4385741997293285
Fold 2 fraction=0.35 pearson_r=0.7838596498573579 mse=0.44041519687541664
Fold 2 fraction=0.4 pearson_r=0.7848754515970575 mse=0.43779955367361406
Fold 2 fraction=0.45 pearson_r=0.7834752322983402 mse=0.44081137885426896
Fold 2 fraction=0.5 pearson_r=0.7831988096754188 mse=0.44077504722746275
Fold 2 fraction=0.55 pearson_r=0.7841615100807106 mse=0.4393038874435123
Fold 2 fraction=0.6 pearson_r=0.7839045954836225 mse=0.4399119773031619
Fold 2 fraction=0.65 pearson_r=0.7842778658256484 mse=0.43963491227331236
Fold 2 fraction=0.7 pearson_r=0.7838463454182514 mse=0.439847258629424
Fold 2 fraction=0.75 pearson_r=0.7839564651339052 mse=0.4402481788702506
Fold 2 fraction=0.8 pearson_r=0.7845970220929169 mse=0.4388767870112402
Fold 2 fraction=0.85 pearson_r=0.7838121081555757 mse=0.44002538549289216
Fold 2 fraction=0.9 pearson_r=0.7843075210446958 mse=0.43940453319377554
Fold 2 fraction=0.95 pearson_r=0.7839110257276519 mse=0.4398887881614327
Fold 2 fraction=1.0 pearson_r=0.784086279522722 mse=0.4397078519839958
Fold 3, k_feat 24108
X_train.shape:  (265, 24108)
train_loader.dataset len:  35245
Epoch:10/20 AVG Training Loss:0.159 Training Pearson r:0.917 AVG Test Loss:0.540 Test Pearson r:0.618
Epoch:20/20 AVG Training Loss:0.146 Training Pearson r:0.924 AVG Test Loss:0.560 Test Pearson r:0.606
Fold 3 fraction=0.01 pearson_r=0.7826247213872137 mse=0.31531233647172463
Fold 3 fraction=0.05 pearson_r=0.8000725501976452 mse=0.2910243781462298
Fold 3 fraction=0.1 pearson_r=0.8008383797478169 mse=0.2904128170387292
Fold 3 fraction=0.15 pearson_r=0.7974215677578954 mse=0.29522702540214474
Fold 3 fraction=0.2 pearson_r=0.8011637621967883 mse=0.29217498450045365
Fold 3 fraction=0.25 pearson_r=0.800450961147304 mse=0.2929452807313607
Fold 3 fraction=0.3 pearson_r=0.7984327212674199 mse=0.2950140986561007
Fold 3 fraction=0.35 pearson_r=0.7989597970375133 mse=0.29400862287105217
Fold 3 fraction=0.4 pearson_r=0.7991773874234275 mse=0.29438685149314187
Fold 3 fraction=0.45 pearson_r=0.8002749110832869 mse=0.2927128887411006
Fold 3 fraction=0.5 pearson_r=0.7987703297436247 mse=0.2946696414922347
Fold 3 fraction=0.55 pearson_r=0.7995254200235732 mse=0.29345442538454725
Fold 3 fraction=0.6 pearson_r=0.7994388287650332 mse=0.29403671836213413
Fold 3 fraction=0.65 pearson_r=0.7994070262201579 mse=0.2938499750776964
Fold 3 fraction=0.7 pearson_r=0.7992545322730495 mse=0.29393801767623556
Fold 3 fraction=0.75 pearson_r=0.7989875561555658 mse=0.29413004569003415
Fold 3 fraction=0.8 pearson_r=0.79897134722032 mse=0.2944985758365241
Fold 3 fraction=0.85 pearson_r=0.7999374907636335 mse=0.2931883530537717
Fold 3 fraction=0.9 pearson_r=0.7994869143824644 mse=0.29373468896398114
Fold 3 fraction=0.95 pearson_r=0.7997944759886102 mse=0.2934308029796566
Fold 3 fraction=1.0 pearson_r=0.7996926353312389 mse=0.2935133487694787
