After clean X.shape:  (402, 10792)
Fold 1, k_feat 10792
X_train.shape:  (268, 10792)
train_loader.dataset len:  36046
Epoch:10/20 AVG Training Loss:0.198 Training Pearson r:0.894 AVG Test Loss:0.991 Test Pearson r:0.436
Epoch:20/20 AVG Training Loss:0.176 Training Pearson r:0.907 AVG Test Loss:0.939 Test Pearson r:0.460
Fold 1 fraction=0.01 pearson_r=0.6960522583903506 mse=0.5437545235953397
Fold 1 fraction=0.05 pearson_r=0.7058826485785792 mse=0.5327137813277489
Fold 1 fraction=0.1 pearson_r=0.7083333092862968 mse=0.5303931104459626
Fold 1 fraction=0.15 pearson_r=0.7061642082867059 mse=0.5331341473957667
Fold 1 fraction=0.2 pearson_r=0.7067333466986558 mse=0.5320998672297279
Fold 1 fraction=0.25 pearson_r=0.7088534317827332 mse=0.5285275592177378
Fold 1 fraction=0.3 pearson_r=0.7094322833564569 mse=0.5292146608892261
Fold 1 fraction=0.35 pearson_r=0.7117144918648962 mse=0.5263869487699658
Fold 1 fraction=0.4 pearson_r=0.7108952655321444 mse=0.5287835964156409
Fold 1 fraction=0.45 pearson_r=0.7112955712192932 mse=0.529173142315547
Fold 1 fraction=0.5 pearson_r=0.7120168720578696 mse=0.5279867228359149
Fold 1 fraction=0.55 pearson_r=0.7110539956370254 mse=0.530177017211423
Fold 1 fraction=0.6 pearson_r=0.7107583454565075 mse=0.5308314934554168
Fold 1 fraction=0.65 pearson_r=0.710133669258001 mse=0.5321822335218375
Fold 1 fraction=0.7 pearson_r=0.7100748547376102 mse=0.5329184073168503
Fold 1 fraction=0.75 pearson_r=0.7094971268080229 mse=0.5343646542977895
Fold 1 fraction=0.8 pearson_r=0.7092837327020304 mse=0.5352203200831771
Fold 1 fraction=0.85 pearson_r=0.7083798294456787 mse=0.5373846588353625
Fold 1 fraction=0.9 pearson_r=0.7101023961652475 mse=0.5365030828412919
Fold 1 fraction=0.95 pearson_r=0.7097907563871297 mse=0.5383351798798907
Fold 1 fraction=1.0 pearson_r=0.7108304392234073 mse=0.5393109215491344
Fold 2, k_feat 10792
X_train.shape:  (268, 10792)
train_loader.dataset len:  36046
Epoch:10/20 AVG Training Loss:0.198 Training Pearson r:0.896 AVG Test Loss:0.998 Test Pearson r:0.428
Epoch:20/20 AVG Training Loss:0.180 Training Pearson r:0.906 AVG Test Loss:0.938 Test Pearson r:0.464
Fold 2 fraction=0.01 pearson_r=0.7312083737075785 mse=0.5192395808809854
Fold 2 fraction=0.05 pearson_r=0.735118348230957 mse=0.5267603841626949
Fold 2 fraction=0.1 pearson_r=0.7320060771312857 mse=0.5283749766433012
Fold 2 fraction=0.15 pearson_r=0.7262098532167103 mse=0.5388875861333503
Fold 2 fraction=0.2 pearson_r=0.7257494058321928 mse=0.5413705082326511
Fold 2 fraction=0.25 pearson_r=0.7252230739801578 mse=0.5425978201037817
Fold 2 fraction=0.3 pearson_r=0.7242936404042005 mse=0.5442418214039594
Fold 2 fraction=0.35 pearson_r=0.7246605846013993 mse=0.5424407296650788
Fold 2 fraction=0.4 pearson_r=0.7246319684187164 mse=0.5426982903045844
Fold 2 fraction=0.45 pearson_r=0.7233004733964241 mse=0.5443120697947433
Fold 2 fraction=0.5 pearson_r=0.722798786328387 mse=0.5453417610718478
Fold 2 fraction=0.55 pearson_r=0.7214952909742841 mse=0.5464654607749393
Fold 2 fraction=0.6 pearson_r=0.7208341595990599 mse=0.5476186860785556
Fold 2 fraction=0.65 pearson_r=0.7198805463589639 mse=0.5501051002351519
Fold 2 fraction=0.7 pearson_r=0.7218102694734326 mse=0.5484577344102585
Fold 2 fraction=0.75 pearson_r=0.7233099347666676 mse=0.5467847256531194
Fold 2 fraction=0.8 pearson_r=0.7238912598425957 mse=0.546183648905294
Fold 2 fraction=0.85 pearson_r=0.7259635665698599 mse=0.5443235954310528
Fold 2 fraction=0.9 pearson_r=0.7264796937040817 mse=0.5453272350668645
Fold 2 fraction=0.95 pearson_r=0.7278474293499875 mse=0.5449854138466089
Fold 2 fraction=1.0 pearson_r=0.7291878772057545 mse=0.5453738418221575
Fold 3, k_feat 10792
X_train.shape:  (268, 10792)
train_loader.dataset len:  36046
Epoch:10/20 AVG Training Loss:0.240 Training Pearson r:0.872 AVG Test Loss:0.775 Test Pearson r:0.472
Epoch:20/20 AVG Training Loss:0.215 Training Pearson r:0.886 AVG Test Loss:0.790 Test Pearson r:0.484
Fold 3 fraction=0.01 pearson_r=0.7000729971507996 mse=0.4707690779294047
Fold 3 fraction=0.05 pearson_r=0.7323506061079558 mse=0.43030691021543466
Fold 3 fraction=0.1 pearson_r=0.7304643607356611 mse=0.4308201318580607
Fold 3 fraction=0.15 pearson_r=0.7367909919693705 mse=0.42469758815425646
Fold 3 fraction=0.2 pearson_r=0.7386266234879071 mse=0.4240107115005112
Fold 3 fraction=0.25 pearson_r=0.7373963005469337 mse=0.42660842624973955
Fold 3 fraction=0.3 pearson_r=0.7382946001812413 mse=0.42731962525589795
Fold 3 fraction=0.35 pearson_r=0.7404857681481624 mse=0.42600574623093856
Fold 3 fraction=0.4 pearson_r=0.7415881308884119 mse=0.42503642786010515
Fold 3 fraction=0.45 pearson_r=0.7429263420719799 mse=0.42442217310085284
Fold 3 fraction=0.5 pearson_r=0.7461056594094911 mse=0.42167479917026796
Fold 3 fraction=0.55 pearson_r=0.7452942714458823 mse=0.4234825917831592
Fold 3 fraction=0.6 pearson_r=0.745543978335624 mse=0.4240675971068174
Fold 3 fraction=0.65 pearson_r=0.7447953527056488 mse=0.42584427033667444
Fold 3 fraction=0.7 pearson_r=0.7440197673743172 mse=0.427515950609359
Fold 3 fraction=0.75 pearson_r=0.7438940981477309 mse=0.4278105989814417
Fold 3 fraction=0.8 pearson_r=0.7438083081801953 mse=0.4288788530704808
Fold 3 fraction=0.85 pearson_r=0.7444836841667524 mse=0.4285142465442898
Fold 3 fraction=0.9 pearson_r=0.7432514384632894 mse=0.4316156635273627
Fold 3 fraction=0.95 pearson_r=0.7425947557111748 mse=0.4336551355429959
Fold 3 fraction=1.0 pearson_r=0.741205979141864 mse=0.4368558857178479
