After clean X.shape:  (402, 10792)
Fold 1, k_feat 10792
X_train.shape:  (268, 10792)
train_loader.dataset len:  36046
Epoch:10/20 AVG Training Loss:0.202 Training Pearson r:0.892 AVG Test Loss:1.011 Test Pearson r:0.413
Epoch:20/20 AVG Training Loss:0.189 Training Pearson r:0.900 AVG Test Loss:1.081 Test Pearson r:0.401
Fold 1 fraction=0.01 pearson_r=0.7127322525007583 mse=0.5362257578954023
Fold 1 fraction=0.05 pearson_r=0.7210397785221073 mse=0.5228952286131334
Fold 1 fraction=0.1 pearson_r=0.7262104249330574 mse=0.5191601594610346
Fold 1 fraction=0.15 pearson_r=0.7229294259259971 mse=0.5264804504162186
Fold 1 fraction=0.2 pearson_r=0.7214984365370323 mse=0.5291568483588858
Fold 1 fraction=0.25 pearson_r=0.7198957338376675 mse=0.5324610691180262
Fold 1 fraction=0.3 pearson_r=0.7198501884970614 mse=0.5337003577520685
Fold 1 fraction=0.35 pearson_r=0.7196851895654006 mse=0.5351185454855517
Fold 1 fraction=0.4 pearson_r=0.7185897594146824 mse=0.53783682610247
Fold 1 fraction=0.45 pearson_r=0.7177771324690432 mse=0.5409924122758925
Fold 1 fraction=0.5 pearson_r=0.7171359318430393 mse=0.5438902093009488
Fold 1 fraction=0.55 pearson_r=0.7163898165696483 mse=0.5463954523427035
Fold 1 fraction=0.6 pearson_r=0.7174091455668375 mse=0.5457080766417377
Fold 1 fraction=0.65 pearson_r=0.7173804729619842 mse=0.5477412519133763
Fold 1 fraction=0.7 pearson_r=0.7165950238298742 mse=0.5505828489857331
Fold 1 fraction=0.75 pearson_r=0.7166900100435473 mse=0.5521252736408964
Fold 1 fraction=0.8 pearson_r=0.7160928935373966 mse=0.5547787993793221
Fold 1 fraction=0.85 pearson_r=0.7155987322855405 mse=0.558149460453357
Fold 1 fraction=0.9 pearson_r=0.7145326088773459 mse=0.5620828798803748
Fold 1 fraction=0.95 pearson_r=0.7137883397652351 mse=0.5645691966075078
Fold 1 fraction=1.0 pearson_r=0.7141685772450751 mse=0.5656824950154536
Fold 2, k_feat 10792
X_train.shape:  (268, 10792)
train_loader.dataset len:  36046
Epoch:10/20 AVG Training Loss:0.194 Training Pearson r:0.899 AVG Test Loss:0.809 Test Pearson r:0.365
Epoch:20/20 AVG Training Loss:0.173 Training Pearson r:0.910 AVG Test Loss:0.748 Test Pearson r:0.406
Fold 2 fraction=0.01 pearson_r=0.6077790623381449 mse=0.47644058080545704
Fold 2 fraction=0.05 pearson_r=0.6544088272500993 mse=0.4354149816414678
Fold 2 fraction=0.1 pearson_r=0.6569902823718681 mse=0.43274894317158324
Fold 2 fraction=0.15 pearson_r=0.6635035313275486 mse=0.42893246526274204
Fold 2 fraction=0.2 pearson_r=0.6606445889016027 mse=0.43241787536102666
Fold 2 fraction=0.25 pearson_r=0.6616830948401475 mse=0.43152045444420956
Fold 2 fraction=0.3 pearson_r=0.6633507868120925 mse=0.43046533117133956
Fold 2 fraction=0.35 pearson_r=0.6644667668678005 mse=0.4299298425254689
Fold 2 fraction=0.4 pearson_r=0.6658786295349735 mse=0.4292388351016728
Fold 2 fraction=0.45 pearson_r=0.6660296969050805 mse=0.4292877559799007
Fold 2 fraction=0.5 pearson_r=0.6672652679812964 mse=0.4286267079765231
Fold 2 fraction=0.55 pearson_r=0.6653655570200742 mse=0.4307757293398525
Fold 2 fraction=0.6 pearson_r=0.665867175879182 mse=0.4304849728793206
Fold 2 fraction=0.65 pearson_r=0.6658457850599916 mse=0.430669594724637
Fold 2 fraction=0.7 pearson_r=0.6672483875595985 mse=0.4298008998630943
Fold 2 fraction=0.75 pearson_r=0.6676884264451415 mse=0.4295442573903452
Fold 2 fraction=0.8 pearson_r=0.6686240961183058 mse=0.42935871863041714
Fold 2 fraction=0.85 pearson_r=0.6697868226906452 mse=0.4288442051320398
Fold 2 fraction=0.9 pearson_r=0.6707993658753859 mse=0.4281659078887049
Fold 2 fraction=0.95 pearson_r=0.6718228515891307 mse=0.4278261915616053
Fold 2 fraction=1.0 pearson_r=0.6728236984595223 mse=0.4266614546588822
Fold 3, k_feat 10792
X_train.shape:  (268, 10792)
train_loader.dataset len:  36046
Epoch:10/20 AVG Training Loss:0.222 Training Pearson r:0.883 AVG Test Loss:0.858 Test Pearson r:0.558
Epoch:20/20 AVG Training Loss:0.197 Training Pearson r:0.897 AVG Test Loss:0.868 Test Pearson r:0.546
Fold 3 fraction=0.01 pearson_r=0.8003532506605063 mse=0.4590331328357098
Fold 3 fraction=0.05 pearson_r=0.817374111372059 mse=0.4460166216192425
Fold 3 fraction=0.1 pearson_r=0.8127128568585005 mse=0.4581000477496647
Fold 3 fraction=0.15 pearson_r=0.8139737052144129 mse=0.45858821617992207
Fold 3 fraction=0.2 pearson_r=0.8143802484496394 mse=0.45864992971260116
Fold 3 fraction=0.25 pearson_r=0.815863200480458 mse=0.4580404508023305
Fold 3 fraction=0.3 pearson_r=0.8158541234603335 mse=0.46077242644101707
Fold 3 fraction=0.35 pearson_r=0.8163902117787488 mse=0.46159170788840187
Fold 3 fraction=0.4 pearson_r=0.8166097093027556 mse=0.462471020892664
Fold 3 fraction=0.45 pearson_r=0.8156873312148495 mse=0.4644548592907534
Fold 3 fraction=0.5 pearson_r=0.8154823604716579 mse=0.4663411426063133
Fold 3 fraction=0.55 pearson_r=0.8155332026248785 mse=0.4683734666596793
Fold 3 fraction=0.6 pearson_r=0.8143551127407975 mse=0.47119850667594315
Fold 3 fraction=0.65 pearson_r=0.8138813225931286 mse=0.4738837004728044
Fold 3 fraction=0.7 pearson_r=0.8129352656836598 mse=0.476389602934961
Fold 3 fraction=0.75 pearson_r=0.8125526135163266 mse=0.4787234708765234
Fold 3 fraction=0.8 pearson_r=0.812326136808369 mse=0.4800668460879189
Fold 3 fraction=0.85 pearson_r=0.8115012490374839 mse=0.48252156649480465
Fold 3 fraction=0.9 pearson_r=0.8111858610271832 mse=0.4844309372694555
Fold 3 fraction=0.95 pearson_r=0.8109110326576606 mse=0.4860626984668281
Fold 3 fraction=1.0 pearson_r=0.810828411579782 mse=0.48740120311212504
