After clean X.shape:  (402, 10792)
Fold 1, k_feat 10792
X_train.shape:  (268, 10792)
train_loader.dataset len:  36046
Epoch:10/20 AVG Training Loss:0.202 Training Pearson r:0.892 AVG Test Loss:1.011 Test Pearson r:0.413
Epoch:20/20 AVG Training Loss:0.189 Training Pearson r:0.900 AVG Test Loss:1.081 Test Pearson r:0.401
Fold 1 fraction=0.01 pearson_r=0.6548297488686362 mse=0.6250698336175035
Fold 1 fraction=0.05 pearson_r=0.7106844874605981 mse=0.5675910865327989
Fold 1 fraction=0.1 pearson_r=0.7091456496243388 mse=0.5775388012729114
Fold 1 fraction=0.15 pearson_r=0.7088930471697393 mse=0.5694852545058614
Fold 1 fraction=0.2 pearson_r=0.7126776464339882 mse=0.5649238254560714
Fold 1 fraction=0.25 pearson_r=0.715211647628322 mse=0.5634643439651815
Fold 1 fraction=0.3 pearson_r=0.7140330188911026 mse=0.5695540473535048
Fold 1 fraction=0.35 pearson_r=0.7155936578057646 mse=0.5605909153826335
Fold 1 fraction=0.4 pearson_r=0.713902638292281 mse=0.5629554332892043
Fold 1 fraction=0.45 pearson_r=0.7137507679888965 mse=0.5647855613790688
Fold 1 fraction=0.5 pearson_r=0.7119232537552772 mse=0.5690889656664249
Fold 1 fraction=0.55 pearson_r=0.7130877872822937 mse=0.5663308574412331
Fold 1 fraction=0.6 pearson_r=0.7146548769992482 mse=0.5640283867826984
Fold 1 fraction=0.65 pearson_r=0.7121986951977184 mse=0.5682968060832364
Fold 1 fraction=0.7 pearson_r=0.7154382770074887 mse=0.5639367867948984
Fold 1 fraction=0.75 pearson_r=0.7151631786594707 mse=0.5643886742175019
Fold 1 fraction=0.8 pearson_r=0.7142677526083472 mse=0.5650004098944666
Fold 1 fraction=0.85 pearson_r=0.713706057277612 mse=0.5662684867121605
Fold 1 fraction=0.9 pearson_r=0.7147079650179928 mse=0.5649627565829375
Fold 1 fraction=0.95 pearson_r=0.7138953401160725 mse=0.5659238621396504
Fold 1 fraction=1.0 pearson_r=0.7141685772450751 mse=0.5656824950154536
Fold 2, k_feat 10792
X_train.shape:  (268, 10792)
train_loader.dataset len:  36046
Epoch:10/20 AVG Training Loss:0.194 Training Pearson r:0.899 AVG Test Loss:0.809 Test Pearson r:0.365
Epoch:20/20 AVG Training Loss:0.173 Training Pearson r:0.910 AVG Test Loss:0.748 Test Pearson r:0.406
Fold 2 fraction=0.01 pearson_r=0.6231889087553907 mse=0.4701154005326016
Fold 2 fraction=0.05 pearson_r=0.6680449877803754 mse=0.43129703774764133
Fold 2 fraction=0.1 pearson_r=0.6647824173352626 mse=0.43183645802833465
Fold 2 fraction=0.15 pearson_r=0.6758420840264923 mse=0.42383842471012284
Fold 2 fraction=0.2 pearson_r=0.6746244437642887 mse=0.425701435191901
Fold 2 fraction=0.25 pearson_r=0.6755016911751813 mse=0.4249716957190741
Fold 2 fraction=0.3 pearson_r=0.6686904639014116 mse=0.4301152375547781
Fold 2 fraction=0.35 pearson_r=0.6741016911721444 mse=0.42595539101313173
Fold 2 fraction=0.4 pearson_r=0.6721331741113098 mse=0.42718790881537516
Fold 2 fraction=0.45 pearson_r=0.6705339408461489 mse=0.42904854668842685
Fold 2 fraction=0.5 pearson_r=0.6723012260033917 mse=0.4265227458901415
Fold 2 fraction=0.55 pearson_r=0.6746669028719641 mse=0.42530335956877163
Fold 2 fraction=0.6 pearson_r=0.6726620647396392 mse=0.42691488206957695
Fold 2 fraction=0.65 pearson_r=0.673473175273386 mse=0.42611962896790656
Fold 2 fraction=0.7 pearson_r=0.6736019593681553 mse=0.426562729522911
Fold 2 fraction=0.75 pearson_r=0.6724721218878617 mse=0.42664288690496904
Fold 2 fraction=0.8 pearson_r=0.6731581653726723 mse=0.4262927739789742
Fold 2 fraction=0.85 pearson_r=0.6715251422093775 mse=0.4276862976735741
Fold 2 fraction=0.9 pearson_r=0.6735810514383589 mse=0.426119185400623
Fold 2 fraction=0.95 pearson_r=0.6727956975820991 mse=0.4266143127084007
Fold 2 fraction=1.0 pearson_r=0.6728236984595223 mse=0.4266614546588822
Fold 3, k_feat 10792
X_train.shape:  (268, 10792)
train_loader.dataset len:  36046
Epoch:10/20 AVG Training Loss:0.222 Training Pearson r:0.883 AVG Test Loss:0.858 Test Pearson r:0.558
Epoch:20/20 AVG Training Loss:0.197 Training Pearson r:0.897 AVG Test Loss:0.868 Test Pearson r:0.546
Fold 3 fraction=0.01 pearson_r=0.7972158927604235 mse=0.4936514240466329
Fold 3 fraction=0.05 pearson_r=0.8128451501476356 mse=0.4767380101703254
Fold 3 fraction=0.1 pearson_r=0.8120171413107187 mse=0.4799362660913214
Fold 3 fraction=0.15 pearson_r=0.8092052937377642 mse=0.4935820731744289
Fold 3 fraction=0.2 pearson_r=0.8087512749691568 mse=0.49226566928701043
Fold 3 fraction=0.25 pearson_r=0.8082163968282671 mse=0.491633184156977
Fold 3 fraction=0.3 pearson_r=0.8103404111393822 mse=0.48736591003965496
Fold 3 fraction=0.35 pearson_r=0.8110717628714829 mse=0.48609931261017375
Fold 3 fraction=0.4 pearson_r=0.8115289504397724 mse=0.4851790555955031
Fold 3 fraction=0.45 pearson_r=0.8102552733967509 mse=0.4871557015828725
Fold 3 fraction=0.5 pearson_r=0.8116539044868966 mse=0.4869074110625509
Fold 3 fraction=0.55 pearson_r=0.8104502517490711 mse=0.4890691210157501
Fold 3 fraction=0.6 pearson_r=0.8111488643915803 mse=0.48659991076675296
Fold 3 fraction=0.65 pearson_r=0.8100147989018035 mse=0.48785340527150706
Fold 3 fraction=0.7 pearson_r=0.8107163154223138 mse=0.4882512397888665
Fold 3 fraction=0.75 pearson_r=0.8100352664067684 mse=0.48869792313555166
Fold 3 fraction=0.8 pearson_r=0.811454186419757 mse=0.4872183825024458
Fold 3 fraction=0.85 pearson_r=0.8108299290726885 mse=0.48732419605444194
Fold 3 fraction=0.9 pearson_r=0.8103754947864058 mse=0.48784979322547156
Fold 3 fraction=0.95 pearson_r=0.810504765618638 mse=0.4881683407747332
Fold 3 fraction=1.0 pearson_r=0.810828411579782 mse=0.48740120311212504
