After clean X.shape:  (397, 24108)
Fold 1, k_feat 24108
X_train.shape:  (264, 24108)
train_loader.dataset len:  34980
Epoch:10/20 AVG Training Loss:0.162 Training Pearson r:0.915 AVG Test Loss:0.760 Test Pearson r:0.594
Epoch:20/20 AVG Training Loss:0.154 Training Pearson r:0.920 AVG Test Loss:0.781 Test Pearson r:0.601
Fold 1 fraction=0.01 pearson_r=0.7956813559596905 mse=0.41480509126990256
Fold 1 fraction=0.05 pearson_r=0.7997543302444767 mse=0.41689923012617863
Fold 1 fraction=0.1 pearson_r=0.8027957878409305 mse=0.41281239713738754
Fold 1 fraction=0.15 pearson_r=0.8014151074947161 mse=0.41707687661474663
Fold 1 fraction=0.2 pearson_r=0.8033705763887772 mse=0.41614969811132035
Fold 1 fraction=0.25 pearson_r=0.8026343094075331 mse=0.4177738268986307
Fold 1 fraction=0.3 pearson_r=0.803662981910223 mse=0.4168411949408927
Fold 1 fraction=0.35 pearson_r=0.8043749170823269 mse=0.41678926405466993
Fold 1 fraction=0.4 pearson_r=0.8042294344625794 mse=0.4177776485222491
Fold 1 fraction=0.45 pearson_r=0.8047918826298516 mse=0.4168093310050424
Fold 1 fraction=0.5 pearson_r=0.8048801982375049 mse=0.4172575216568243
Fold 1 fraction=0.55 pearson_r=0.8045145509663348 mse=0.41864068705338814
Fold 1 fraction=0.6 pearson_r=0.8049631474001526 mse=0.4190049499933871
Fold 1 fraction=0.65 pearson_r=0.8048267975971916 mse=0.4211981109983955
Fold 1 fraction=0.7 pearson_r=0.8044479353440481 mse=0.4236048734782656
Fold 1 fraction=0.75 pearson_r=0.8044267932368605 mse=0.42466406411982277
Fold 1 fraction=0.8 pearson_r=0.8047197920117618 mse=0.4249445315925597
Fold 1 fraction=0.85 pearson_r=0.8048036265258348 mse=0.42664904453129465
Fold 1 fraction=0.9 pearson_r=0.8043555890159874 mse=0.4289069404281477
Fold 1 fraction=0.95 pearson_r=0.8040298077671826 mse=0.43147639020510864
Fold 1 fraction=1.0 pearson_r=0.8036805420836863 mse=0.43483607434359844
Fold 2, k_feat 24108
X_train.shape:  (265, 24108)
train_loader.dataset len:  35245
Epoch:10/20 AVG Training Loss:0.169 Training Pearson r:0.912 AVG Test Loss:0.750 Test Pearson r:0.622
Epoch:20/20 AVG Training Loss:0.161 Training Pearson r:0.916 AVG Test Loss:0.785 Test Pearson r:0.614
Fold 2 fraction=0.01 pearson_r=0.7595108506704265 mse=0.4768597776910526
Fold 2 fraction=0.05 pearson_r=0.7758225082556617 mse=0.4482977351080732
Fold 2 fraction=0.1 pearson_r=0.7802149199493967 mse=0.4412296768772023
Fold 2 fraction=0.15 pearson_r=0.7806461720299575 mse=0.44096791907902166
Fold 2 fraction=0.2 pearson_r=0.7818674250996833 mse=0.4388541190358942
Fold 2 fraction=0.25 pearson_r=0.7811884514893815 mse=0.4402827828445903
Fold 2 fraction=0.3 pearson_r=0.7814595298509708 mse=0.43980578110955604
Fold 2 fraction=0.35 pearson_r=0.782205392276752 mse=0.43855543209434367
Fold 2 fraction=0.4 pearson_r=0.7825901843934062 mse=0.4382641567872517
Fold 2 fraction=0.45 pearson_r=0.7823982189505694 mse=0.43865628517834243
Fold 2 fraction=0.5 pearson_r=0.7822242647362473 mse=0.4391875952640385
Fold 2 fraction=0.55 pearson_r=0.7824212885498444 mse=0.43881588662425103
Fold 2 fraction=0.6 pearson_r=0.7827702186015332 mse=0.4384301850452767
Fold 2 fraction=0.65 pearson_r=0.7828554878997489 mse=0.43852519213383173
Fold 2 fraction=0.7 pearson_r=0.7830100323741793 mse=0.4386732950416957
Fold 2 fraction=0.75 pearson_r=0.7831222999265045 mse=0.43874965961066703
Fold 2 fraction=0.8 pearson_r=0.7834077616619868 mse=0.43879912455288683
Fold 2 fraction=0.85 pearson_r=0.7839290256625853 mse=0.4381572617975586
Fold 2 fraction=0.9 pearson_r=0.7843284913820017 mse=0.4381055332134886
Fold 2 fraction=0.95 pearson_r=0.7841116735115763 mse=0.43877709305666057
Fold 2 fraction=1.0 pearson_r=0.7840862795227219 mse=0.43970785198399576
Fold 3, k_feat 24108
X_train.shape:  (265, 24108)
train_loader.dataset len:  35245
Epoch:10/20 AVG Training Loss:0.159 Training Pearson r:0.917 AVG Test Loss:0.540 Test Pearson r:0.618
Epoch:20/20 AVG Training Loss:0.146 Training Pearson r:0.924 AVG Test Loss:0.560 Test Pearson r:0.606
Fold 3 fraction=0.01 pearson_r=0.7696762840597532 mse=0.3227546090772011
Fold 3 fraction=0.05 pearson_r=0.7776588851131652 mse=0.31345082275792324
Fold 3 fraction=0.1 pearson_r=0.7813331805453327 mse=0.30996020641560235
Fold 3 fraction=0.15 pearson_r=0.7854260220743602 mse=0.30561027799940876
Fold 3 fraction=0.2 pearson_r=0.7898876773773145 mse=0.300520639431556
Fold 3 fraction=0.25 pearson_r=0.791517698643662 mse=0.2989312949012785
Fold 3 fraction=0.3 pearson_r=0.7931127928907304 mse=0.2971696353053884
Fold 3 fraction=0.35 pearson_r=0.7942125221733338 mse=0.29627642068511223
Fold 3 fraction=0.4 pearson_r=0.7953788225896605 mse=0.2951098849260478
Fold 3 fraction=0.45 pearson_r=0.7960486069339663 mse=0.2945745085580811
Fold 3 fraction=0.5 pearson_r=0.7966985494757715 mse=0.29411294270854527
Fold 3 fraction=0.55 pearson_r=0.7975722964101221 mse=0.29347051038501004
Fold 3 fraction=0.6 pearson_r=0.7977193118873094 mse=0.2936389671779552
Fold 3 fraction=0.65 pearson_r=0.7978875924355324 mse=0.29365806292490826
Fold 3 fraction=0.7 pearson_r=0.7984358733976753 mse=0.29323068803695235
Fold 3 fraction=0.75 pearson_r=0.7985873876514977 mse=0.2932898148407386
Fold 3 fraction=0.8 pearson_r=0.7988975695393076 mse=0.29305517707157464
Fold 3 fraction=0.85 pearson_r=0.7995359550481196 mse=0.29269983272892597
Fold 3 fraction=0.9 pearson_r=0.7997873764304795 mse=0.2927970377146366
Fold 3 fraction=0.95 pearson_r=0.7998935912370195 mse=0.2931535601087273
Fold 3 fraction=1.0 pearson_r=0.7996926353312389 mse=0.2935133487694787
