After clean X.shape:  (402, 10792)
Fold 1, k_feat 10792
X_train.shape:  (268, 10792)
train_loader.dataset len:  36046
Epoch:10/20 AVG Training Loss:0.198 Training Pearson r:0.894 AVG Test Loss:0.991 Test Pearson r:0.436
Epoch:20/20 AVG Training Loss:0.176 Training Pearson r:0.907 AVG Test Loss:0.939 Test Pearson r:0.460
Fold 1 fraction=0.01 pearson_r=0.6471252586098739 mse=0.612738382877376
Fold 1 fraction=0.05 pearson_r=0.7027910321438813 mse=0.548567813309385
Fold 1 fraction=0.1 pearson_r=0.7060359240114528 mse=0.5445231719539899
Fold 1 fraction=0.15 pearson_r=0.7119833096799187 mse=0.5363808317786679
Fold 1 fraction=0.2 pearson_r=0.7070828266431416 mse=0.5429273480025771
Fold 1 fraction=0.25 pearson_r=0.7142168719303431 mse=0.5381055311810572
Fold 1 fraction=0.3 pearson_r=0.707202885212121 mse=0.5435453649573732
Fold 1 fraction=0.35 pearson_r=0.7108098761784923 mse=0.5393538383197476
Fold 1 fraction=0.4 pearson_r=0.7094110650285804 mse=0.5393568848853224
Fold 1 fraction=0.45 pearson_r=0.7116118301929256 mse=0.5394020721017089
Fold 1 fraction=0.5 pearson_r=0.7092558105510914 mse=0.5413010088706977
Fold 1 fraction=0.55 pearson_r=0.7086269585845525 mse=0.5416160943849117
Fold 1 fraction=0.6 pearson_r=0.7107353877306798 mse=0.540744326436457
Fold 1 fraction=0.65 pearson_r=0.7108610028645433 mse=0.5387075310024737
Fold 1 fraction=0.7 pearson_r=0.7112618427219605 mse=0.5391918641169084
Fold 1 fraction=0.75 pearson_r=0.7111708758872729 mse=0.5385926307513924
Fold 1 fraction=0.8 pearson_r=0.7110286445724036 mse=0.5391864140806758
Fold 1 fraction=0.85 pearson_r=0.7108992718714449 mse=0.5393240266149149
Fold 1 fraction=0.9 pearson_r=0.7105366439130032 mse=0.5396369189209151
Fold 1 fraction=0.95 pearson_r=0.7105539251087839 mse=0.5392417476463646
Fold 1 fraction=1.0 pearson_r=0.7108304392234072 mse=0.5393109215491344
Fold 2, k_feat 10792
X_train.shape:  (268, 10792)
train_loader.dataset len:  36046
Epoch:10/20 AVG Training Loss:0.198 Training Pearson r:0.896 AVG Test Loss:0.998 Test Pearson r:0.428
Epoch:20/20 AVG Training Loss:0.180 Training Pearson r:0.906 AVG Test Loss:0.938 Test Pearson r:0.464
Fold 2 fraction=0.01 pearson_r=0.7001788552191237 mse=0.581578408525481
Fold 2 fraction=0.05 pearson_r=0.7245169382792027 mse=0.5503282553836839
Fold 2 fraction=0.1 pearson_r=0.7333790492125981 mse=0.5398116055631562
Fold 2 fraction=0.15 pearson_r=0.7259438533221352 mse=0.5494932882826555
Fold 2 fraction=0.2 pearson_r=0.7279138102727183 mse=0.5490735044887812
Fold 2 fraction=0.25 pearson_r=0.7323034153067461 mse=0.5408910980984277
Fold 2 fraction=0.3 pearson_r=0.731314090716682 mse=0.5410363978538483
Fold 2 fraction=0.35 pearson_r=0.7299455731760505 mse=0.542650876948768
Fold 2 fraction=0.4 pearson_r=0.7273082298933081 mse=0.5470569927304587
Fold 2 fraction=0.45 pearson_r=0.7274302129524842 mse=0.5499846566139622
Fold 2 fraction=0.5 pearson_r=0.7279752646043387 mse=0.5465957710708
Fold 2 fraction=0.55 pearson_r=0.7303699086877758 mse=0.5438684852495407
Fold 2 fraction=0.6 pearson_r=0.7293159274273472 mse=0.5455665932001966
Fold 2 fraction=0.65 pearson_r=0.7304210942723562 mse=0.5441280358382129
Fold 2 fraction=0.7 pearson_r=0.7282386194899559 mse=0.5465966436225649
Fold 2 fraction=0.75 pearson_r=0.7291048894315147 mse=0.5447386517753228
Fold 2 fraction=0.8 pearson_r=0.7299373348793273 mse=0.5446807195518577
Fold 2 fraction=0.85 pearson_r=0.7290718617892377 mse=0.5449890111658591
Fold 2 fraction=0.9 pearson_r=0.7298264183759097 mse=0.5448852188403562
Fold 2 fraction=0.95 pearson_r=0.7292910206499655 mse=0.5454119937879428
Fold 2 fraction=1.0 pearson_r=0.7291878772057544 mse=0.5453738418221575
Fold 3, k_feat 10792
X_train.shape:  (268, 10792)
train_loader.dataset len:  36046
Epoch:10/20 AVG Training Loss:0.240 Training Pearson r:0.872 AVG Test Loss:0.775 Test Pearson r:0.472
Epoch:20/20 AVG Training Loss:0.215 Training Pearson r:0.886 AVG Test Loss:0.790 Test Pearson r:0.484
Fold 3 fraction=0.01 pearson_r=0.7220831074355707 mse=0.441927105058006
Fold 3 fraction=0.05 pearson_r=0.7374574733507773 mse=0.43375538610970293
Fold 3 fraction=0.1 pearson_r=0.7377226011899273 mse=0.4425102924679469
Fold 3 fraction=0.15 pearson_r=0.7355339246464213 mse=0.44430634950198233
Fold 3 fraction=0.2 pearson_r=0.7353497872787003 mse=0.4453762352391663
Fold 3 fraction=0.25 pearson_r=0.740496138386907 mse=0.435162573305271
Fold 3 fraction=0.3 pearson_r=0.7410765542381789 mse=0.4361218916738912
Fold 3 fraction=0.35 pearson_r=0.7407937913053724 mse=0.43629475943879964
Fold 3 fraction=0.4 pearson_r=0.7424248899391435 mse=0.43465406656563194
Fold 3 fraction=0.45 pearson_r=0.7386405917699476 mse=0.4397816106850123
Fold 3 fraction=0.5 pearson_r=0.742221635504444 mse=0.43553943750030416
Fold 3 fraction=0.55 pearson_r=0.7386512826828587 mse=0.440513950985465
Fold 3 fraction=0.6 pearson_r=0.7404803975976714 mse=0.4382333290452147
Fold 3 fraction=0.65 pearson_r=0.7389617456414045 mse=0.43988450279223174
Fold 3 fraction=0.7 pearson_r=0.7419395937131431 mse=0.4356963252397848
Fold 3 fraction=0.75 pearson_r=0.7411650450421002 mse=0.43679790010147973
Fold 3 fraction=0.8 pearson_r=0.7404108269723428 mse=0.4378128189380928
Fold 3 fraction=0.85 pearson_r=0.7411360302569103 mse=0.43622545610092994
Fold 3 fraction=0.9 pearson_r=0.7408581311829258 mse=0.4371207141778926
Fold 3 fraction=0.95 pearson_r=0.7406644383255175 mse=0.43739486098253955
Fold 3 fraction=1.0 pearson_r=0.741205979141864 mse=0.4368558857178479
